2015-06-02 17:26:48,274 ERROR [4-layout/1970-1971/ordinaire2/054.txt]EXCEPT: PasDePageScrutinTrouvee 
2015-06-02 17:26:48,281 ERROR [4-layout/1970-1971/ordinaire2/015.txt]EXCEPT: PasDePageScrutinTrouvee 
2015-06-02 17:26:48,287 ERROR [4-layout/1970-1971/ordinaire2/018.txt]EXCEPT: PasDePageScrutinTrouvee 
2015-06-02 17:26:48,293 ERROR [4-layout/1970-1971/ordinaire2/057.txt]EXCEPT: PasDePageScrutinTrouvee 
2015-06-02 17:26:48,298 ERROR [4-layout/1970-1971/ordinaire2/040.txt]EXCEPT: PasDePageScrutinTrouvee 
2015-06-02 17:26:48,305 ERROR [4-layout/1970-1971/ordinaire2/051.txt]EXCEPT: PasDePageScrutinTrouvee 
2015-06-02 17:26:48,310 ERROR [4-layout/1970-1971/ordinaire2/047.txt]EXCEPT: PasDePageScrutinTrouvee 
2015-06-02 17:26:48,348 ERROR [4-layout/1970-1971/ordinaire2/059.txt]EXCEPT: PasDePageScrutinTrouvee 
2015-06-02 17:26:48,353 ERROR [4-layout/1970-1971/ordinaire2/030.txt]EXCEPT: PasDePageScrutinTrouvee 
2015-06-02 17:26:48,362 ERROR [4-layout/1970-1971/ordinaire2/029.txt]EXCEPT: PasDePageScrutinTrouvee 
2015-06-02 17:26:48,368 ERROR [4-layout/1970-1971/ordinaire2/019.txt]EXCEPT: PasDePageScrutinTrouvee 
2015-06-02 17:26:48,402 ERROR [4-layout/1970-1971/ordinaire2/060.txt]EXCEPT: PasDePageScrutinTrouvee 
2015-06-02 17:26:48,432 ERROR [4-layout/1970-1971/ordinaire2/052.txt]EXCEPT: PasDePageScrutinTrouvee 
2015-06-02 17:26:48,474 ERROR [4-layout/1970-1971/ordinaire2/055.txt]EXCEPT: PasDePageScrutinTrouvee 
2015-06-02 17:26:48,627 ERROR [4-layout/1970-1971/ordinaire2/044.txt]EXCEPT: ImpossibleDeTrouverColonneCentraleError 
2015-06-02 17:26:48,632 ERROR [4-layout/1970-1971/ordinaire2/021.txt]EXCEPT: PasDePageScrutinTrouvee 
2015-06-02 17:26:48,637 ERROR [4-layout/1970-1971/ordinaire2/045.txt]EXCEPT: PasDePageScrutinTrouvee 
2015-06-02 17:26:48,644 ERROR [4-layout/1970-1971/ordinaire2/017.txt]EXCEPT: PasDePageScrutinTrouvee 
2015-06-02 17:26:48,807 ERROR [4-layout/1970-1971/ordinaire2/025.txt]EXCEPT: PasDePageScrutinTrouvee 
2015-06-02 17:26:48,812 ERROR [4-layout/1970-1971/ordinaire2/068.txt]EXCEPT: PasDePageScrutinTrouvee 
2015-06-02 17:26:48,880 ERROR [4-layout/1970-1971/ordinaire2/070.txt]EXCEPT: PasDePageScrutinTrouvee 
2015-06-02 17:26:48,956 ERROR [4-layout/1970-1971/ordinaire2/006.txt]EXCEPT: PasDePageScrutinTrouvee 
2015-06-02 17:26:49,134 ERROR [4-layout/1970-1971/ordinaire2/009.txt]EXCEPT: PasDePageScrutinTrouvee 
2015-06-02 17:26:49,170 ERROR [4-layout/1970-1971/ordinaire2/049.txt]EXCEPT: PasDePageScrutinTrouvee 
2015-06-02 17:26:49,176 ERROR [4-layout/1970-1971/ordinaire2/011.txt]EXCEPT: PasDePageScrutinTrouvee 
2015-06-02 17:26:49,183 ERROR [4-layout/1970-1971/ordinaire2/024.txt]EXCEPT: PasDePageScrutinTrouvee 
2015-06-02 17:26:49,285 ERROR [4-layout/1970-1971/ordinaire2/020.txt]EXCEPT: PasDePageScrutinTrouvee 
2015-06-02 17:26:49,353 ERROR [4-layout/1970-1971/ordinaire2/023.txt]EXCEPT: PasDePageScrutinTrouvee 
2015-06-02 17:26:49,360 ERROR [4-layout/1970-1971/ordinaire2/032.txt]EXCEPT: PasDePageScrutinTrouvee 
2015-06-02 17:26:49,367 ERROR [4-layout/1970-1971/ordinaire2/080.txt]EXCEPT: PasDePageScrutinTrouvee 
2015-06-02 17:26:49,374 ERROR [4-layout/1970-1971/ordinaire2/046.txt]EXCEPT: PasDePageScrutinTrouvee 
2015-06-02 17:26:49,379 ERROR [4-layout/1970-1971/ordinaire2/056.txt]EXCEPT: PasDePageScrutinTrouvee 
2015-06-02 17:26:49,467 ERROR [4-layout/1970-1971/ordinaire2/058.txt]EXCEPT: PasDePageScrutinTrouvee 
2015-06-02 17:26:49,481 ERROR [4-layout/1970-1971/ordinaire2/001.txt]EXCEPT: PasDePageScrutinTrouvee 
2015-06-02 17:26:49,488 ERROR [4-layout/1970-1971/ordinaire2/077.txt]EXCEPT: PasDePageScrutinTrouvee 
2015-06-02 17:26:49,501 ERROR [4-layout/1970-1971/ordinaire2/012.txt]EXCEPT: PasDePageScrutinTrouvee 
2015-06-02 17:26:49,507 ERROR [4-layout/1970-1971/ordinaire2/013.txt]EXCEPT: PasDePageScrutinTrouvee 
2015-06-02 17:26:49,536 ERROR [4-layout/1970-1971/ordinaire2/003.txt]EXCEPT: PasDePageScrutinTrouvee 
2015-06-02 17:26:49,541 ERROR [4-layout/1970-1971/ordinaire2/065.txt]EXCEPT: PasDePageScrutinTrouvee 
2015-06-02 17:26:49,546 ERROR [4-layout/1970-1971/ordinaire2/010.txt]EXCEPT: PasDePageScrutinTrouvee 
2015-06-02 17:26:49,555 ERROR [4-layout/1970-1971/ordinaire2/028.txt]EXCEPT: PasDePageScrutinTrouvee 
2015-06-02 17:26:49,560 ERROR [4-layout/1970-1971/ordinaire2/036.txt]EXCEPT: PasDePageScrutinTrouvee 
2015-06-02 17:26:49,566 ERROR [4-layout/1970-1971/ordinaire2/076.txt]EXCEPT: PasDePageScrutinTrouvee 
2015-06-02 17:26:49,756 ERROR [4-layout/1970-1971/ordinaire2/027.txt]EXCEPT: PasDePageScrutinTrouvee 
2015-06-02 17:26:49,767 ERROR [4-layout/1970-1971/ordinaire2/053.txt]EXCEPT: PasDePageScrutinTrouvee 
2015-06-02 17:26:49,820 ERROR [4-layout/1970-1971/ordinaire2/022.txt]EXCEPT: PasDePageScrutinTrouvee 
2015-06-02 17:26:49,946 ERROR [4-layout/1970-1971/ordinaire2/064.txt]EXCEPT: PasDePageScrutinTrouvee 
2015-06-02 17:26:49,954 ERROR [4-layout/1970-1971/ordinaire2/034.txt]EXCEPT: PasDePageScrutinTrouvee 
2015-06-02 17:26:50,014 ERROR [4-layout/1970-1971/ordinaire2/039.txt]EXCEPT: PasDePageScrutinTrouvee 
2015-06-02 17:26:50,020 ERROR [4-layout/1970-1971/ordinaire2/041.txt]EXCEPT: PasDePageScrutinTrouvee 
2015-06-02 17:26:50,026 ERROR [4-layout/1970-1971/ordinaire2/061.txt]EXCEPT: PasDePageScrutinTrouvee 
2015-06-02 17:26:50,035 ERROR [4-layout/1970-1971/ordinaire2/062.txt]EXCEPT: PasDePageScrutinTrouvee 
2015-06-02 17:26:50,045 ERROR [4-layout/1970-1971/ordinaire2/008.txt]EXCEPT: PasDePageScrutinTrouvee 
2015-06-02 17:26:50,336 ERROR [4-layout/1970-1971/ordinaire1/054.txt]EXCEPT: PasDePageScrutinTrouvee 
2015-06-02 17:26:50,381 ERROR [4-layout/1970-1971/ordinaire1/092.txt]EXCEPT: PasDePageScrutinTrouvee 
2015-06-02 17:26:50,385 ERROR [4-layout/1970-1971/ordinaire1/018.txt]EXCEPT: PasDePageScrutinTrouvee 
2015-06-02 17:26:50,390 ERROR [4-layout/1970-1971/ordinaire1/057.txt]EXCEPT: PasDePageScrutinTrouvee 
2015-06-02 17:26:50,396 ERROR [4-layout/1970-1971/ordinaire1/040.txt]EXCEPT: PasDePageScrutinTrouvee 
2015-06-02 17:26:50,401 ERROR [4-layout/1970-1971/ordinaire1/051.txt]EXCEPT: PasDePageScrutinTrouvee 
2015-06-02 17:26:50,407 ERROR [4-layout/1970-1971/ordinaire1/047.txt]EXCEPT: PasDePageScrutinTrouvee 
2015-06-02 17:26:50,416 ERROR [4-layout/1970-1971/ordinaire1/084.txt]EXCEPT: PasDePageScrutinTrouvee 
2015-06-02 17:26:50,422 ERROR [4-layout/1970-1971/ordinaire1/026.txt]EXCEPT: PasDePageScrutinTrouvee 
2015-06-02 17:26:50,486 ERROR [4-layout/1970-1971/ordinaire1/029.txt]EXCEPT: PasDePageScrutinTrouvee 
2015-06-02 17:26:50,769 ERROR [4-layout/1970-1971/ordinaire1/019.txt]EXCEPT: PasDePageScrutinTrouvee 
2015-06-02 17:26:50,775 ERROR [4-layout/1970-1971/ordinaire1/002.txt]EXCEPT: PasDePageScrutinTrouvee 
2015-06-02 17:26:50,867 ERROR [4-layout/1970-1971/ordinaire1/050.txt]EXCEPT: PasDePageScrutinTrouvee 
2015-06-02 17:26:50,904 ERROR [4-layout/1970-1971/ordinaire1/052.txt]EXCEPT: PasDePageScrutinTrouvee 
2015-06-02 17:26:50,909 ERROR [4-layout/1970-1971/ordinaire1/014.txt]EXCEPT: PasDePageScrutinTrouvee 
2015-06-02 17:26:50,915 ERROR [4-layout/1970-1971/ordinaire1/055.txt]EXCEPT: PasDePageScrutinTrouvee 
2015-06-02 17:26:50,920 ERROR [4-layout/1970-1971/ordinaire1/083.txt]EXCEPT: PasDePageScrutinTrouvee 
2015-06-02 17:26:50,925 ERROR [4-layout/1970-1971/ordinaire1/044.txt]EXCEPT: PasDePageScrutinTrouvee 
2015-06-02 17:26:50,930 ERROR [4-layout/1970-1971/ordinaire1/021.txt]EXCEPT: PasDePageScrutinTrouvee 
2015-06-02 17:26:50,934 ERROR [4-layout/1970-1971/ordinaire1/045.txt]EXCEPT: PasDePageScrutinTrouvee 
2015-06-02 17:26:51,109 ERROR [4-layout/1970-1971/ordinaire1/005.txt]EXCEPT: PasDePageScrutinTrouvee 
2015-06-02 17:26:51,179 ERROR [4-layout/1970-1971/ordinaire1/068.txt]EXCEPT: PasDePageScrutinTrouvee 
2015-06-02 17:26:51,293 ERROR [4-layout/1970-1971/ordinaire1/042.txt]EXCEPT: PasDePageScrutinTrouvee 
2015-06-02 17:26:51,417 ERROR [4-layout/1970-1971/ordinaire1/073.txt]EXCEPT: PasDePageScrutinTrouvee 
2015-06-02 17:26:51,426 ERROR [4-layout/1970-1971/ordinaire1/006.txt]EXCEPT: PasDePageScrutinTrouvee 
2015-06-02 17:26:51,569 ERROR [4-layout/1970-1971/ordinaire1/089.txt]EXCEPT: PasDePageScrutinTrouvee 
2015-06-02 17:26:51,576 ERROR [4-layout/1970-1971/ordinaire1/009.txt]EXCEPT: PasDePageScrutinTrouvee 
2015-06-02 17:26:51,586 ERROR [4-layout/1970-1971/ordinaire1/075.txt]EXCEPT: PasDePageScrutinTrouvee 
2015-06-02 17:26:51,591 ERROR [4-layout/1970-1971/ordinaire1/071.txt]EXCEPT: PasDePageScrutinTrouvee 
2015-06-02 17:26:51,829 ERROR [4-layout/1970-1971/ordinaire1/091.txt]EXCEPT: PasDePageScrutinTrouvee 
2015-06-02 17:26:51,834 ERROR [4-layout/1970-1971/ordinaire1/049.txt]EXCEPT: PasDePageScrutinTrouvee 
2015-06-02 17:26:51,839 ERROR [4-layout/1970-1971/ordinaire1/011.txt]EXCEPT: PasDePageScrutinTrouvee 
2015-06-02 17:26:51,844 ERROR [4-layout/1970-1971/ordinaire1/024.txt]EXCEPT: PasDePageScrutinTrouvee 
2015-06-02 17:26:51,880 ERROR [4-layout/1970-1971/ordinaire1/020.txt]EXCEPT: PasDePageScrutinTrouvee 
2015-06-02 17:26:51,888 ERROR [4-layout/1970-1971/ordinaire1/037.txt]EXCEPT: PasDePageScrutinTrouvee 
2015-06-02 17:26:52,016 ERROR [4-layout/1970-1971/ordinaire1/032.txt]EXCEPT: PasDePageScrutinTrouvee 
2015-06-02 17:26:52,086 ERROR [4-layout/1970-1971/ordinaire1/046.txt]EXCEPT: PasDePageScrutinTrouvee 
2015-06-02 17:26:52,094 ERROR [4-layout/1970-1971/ordinaire1/056.txt]EXCEPT: PasDePageScrutinTrouvee 
2015-06-02 17:26:52,098 ERROR [4-layout/1970-1971/ordinaire1/066.txt]EXCEPT: PasDePageScrutinTrouvee 
2015-06-02 17:26:52,182 ERROR [4-layout/1970-1971/ordinaire1/001.txt]EXCEPT: PasDePageScrutinTrouvee 
2015-06-02 17:26:52,187 ERROR [4-layout/1970-1971/ordinaire1/077.txt]EXCEPT: PasDePageScrutinTrouvee 
2015-06-02 17:26:52,191 ERROR [4-layout/1970-1971/ordinaire1/012.txt]EXCEPT: PasDePageScrutinTrouvee 
2015-06-02 17:26:52,196 ERROR [4-layout/1970-1971/ordinaire1/013.txt]EXCEPT: PasDePageScrutinTrouvee 
2015-06-02 17:26:52,202 ERROR [4-layout/1970-1971/ordinaire1/067.txt]EXCEPT: PasDePageScrutinTrouvee 
2015-06-02 17:26:52,210 ERROR [4-layout/1970-1971/ordinaire1/003.txt]EXCEPT: PasDePageScrutinTrouvee 
2015-06-02 17:26:52,220 ERROR [4-layout/1970-1971/ordinaire1/065.txt]EXCEPT: PasDePageScrutinTrouvee 
2015-06-02 17:26:52,282 ERROR [4-layout/1970-1971/ordinaire1/072.txt]EXCEPT: PasDePageScrutinTrouvee 
2015-06-02 17:26:52,287 ERROR [4-layout/1970-1971/ordinaire1/028.txt]EXCEPT: PasDePageScrutinTrouvee 
2015-06-02 17:26:52,292 ERROR [4-layout/1970-1971/ordinaire1/036.txt]EXCEPT: PasDePageScrutinTrouvee 
2015-06-02 17:26:52,296 ERROR [4-layout/1970-1971/ordinaire1/076.txt]EXCEPT: PasDePageScrutinTrouvee 
2015-06-02 17:26:52,302 ERROR [4-layout/1970-1971/ordinaire1/007.txt]EXCEPT: PasDePageScrutinTrouvee 
2015-06-02 17:26:52,306 ERROR [4-layout/1970-1971/ordinaire1/038.txt]EXCEPT: PasDePageScrutinTrouvee 
2015-06-02 17:26:52,309 ERROR [4-layout/1970-1971/ordinaire1/033.txt]EXCEPT: PasDePageScrutinTrouvee 
2015-06-02 17:26:52,313 ERROR [4-layout/1970-1971/ordinaire1/027.txt]EXCEPT: PasDePageScrutinTrouvee 
2015-06-02 17:26:52,324 ERROR [4-layout/1970-1971/ordinaire1/090.txt]EXCEPT: PasDePageScrutinTrouvee 
2015-06-02 17:26:52,329 ERROR [4-layout/1970-1971/ordinaire1/053.txt]EXCEPT: PasDePageScrutinTrouvee 
2015-06-02 17:26:52,335 ERROR [4-layout/1970-1971/ordinaire1/079.txt]EXCEPT: PasDePageScrutinTrouvee 
2015-06-02 17:26:52,342 ERROR [4-layout/1970-1971/ordinaire1/022.txt]EXCEPT: PasDePageScrutinTrouvee 
2015-06-02 17:26:52,348 ERROR [4-layout/1970-1971/ordinaire1/048.txt]EXCEPT: PasDePageScrutinTrouvee 
2015-06-02 17:26:52,355 ERROR [4-layout/1970-1971/ordinaire1/086.txt]EXCEPT: PasDePageScrutinTrouvee 
2015-06-02 17:26:52,363 ERROR [4-layout/1970-1971/ordinaire1/064.txt]EXCEPT: PasDePageScrutinTrouvee 
2015-06-02 17:26:52,370 ERROR [4-layout/1970-1971/ordinaire1/034.txt]EXCEPT: PasDePageScrutinTrouvee 
2015-06-02 17:26:52,536 ERROR [4-layout/1970-1971/ordinaire1/039.txt]EXCEPT: PasDePageScrutinTrouvee 
2015-06-02 17:26:52,544 ERROR [4-layout/1970-1971/ordinaire1/041.txt]EXCEPT: PasDePageScrutinTrouvee 
2015-06-02 17:26:52,549 ERROR [4-layout/1970-1971/ordinaire1/061.txt]EXCEPT: PasDePageScrutinTrouvee 
2015-06-02 17:26:52,611 ERROR [4-layout/1970-1971/ordinaire1/088.txt]EXCEPT: PasDePageScrutinTrouvee 
2015-06-02 17:26:52,732 ERROR [4-layout/1968-1969/extraordinaire2/004.txt]EXCEPT: PasDePageScrutinTrouvee 
2015-06-02 17:26:52,735 ERROR [4-layout/1968-1969/extraordinaire2/001.txt]EXCEPT: PasDePageScrutinTrouvee 
2015-06-02 17:26:52,739 ERROR [4-layout/1968-1969/extraordinaire2/003.txt]EXCEPT: PasDePageScrutinTrouvee 
2015-06-02 17:26:52,780 ERROR [4-layout/1968-1969/extraordinaire1/004.txt]EXCEPT: PasDePageScrutinTrouvee 
2015-06-02 17:26:52,786 ERROR [4-layout/1968-1969/extraordinaire1/001.txt]EXCEPT: PasDePageScrutinTrouvee 
2015-06-02 17:26:52,793 ERROR [4-layout/1968-1969/extraordinaire1/003.txt]EXCEPT: PasDePageScrutinTrouvee 
2015-06-02 17:26:52,797 ERROR [4-layout/1968-1969/ordinaire2/015.txt]EXCEPT: PasDePageScrutinTrouvee 
2015-06-02 17:26:52,800 ERROR [4-layout/1968-1969/ordinaire2/002.txt]EXCEPT: PasDePageScrutinTrouvee 
2015-06-02 17:26:52,808 ERROR [4-layout/1968-1969/ordinaire2/014.txt]EXCEPT: PasDePageScrutinTrouvee 
2015-06-02 17:26:52,815 ERROR [4-layout/1968-1969/ordinaire2/005.txt]EXCEPT: PasDePageScrutinTrouvee 
2015-06-02 17:26:52,880 ERROR [4-layout/1968-1969/ordinaire2/006.txt]EXCEPT: PasDePageScrutinTrouvee 
2015-06-02 17:26:52,888 ERROR [4-layout/1968-1969/ordinaire2/009.txt]EXCEPT: PasDePageScrutinTrouvee 
2015-06-02 17:26:52,895 ERROR [4-layout/1968-1969/ordinaire2/011.txt]EXCEPT: PasDePageScrutinTrouvee 
2015-06-02 17:26:52,902 ERROR [4-layout/1968-1969/ordinaire2/001.txt]EXCEPT: PasDePageScrutinTrouvee 
2015-06-02 17:26:52,907 ERROR [4-layout/1968-1969/ordinaire2/012.txt]EXCEPT: PasDePageScrutinTrouvee 
2015-06-02 17:26:52,914 ERROR [4-layout/1968-1969/ordinaire2/013.txt]EXCEPT: PasDePageScrutinTrouvee 
2015-06-02 17:26:53,038 ERROR [4-layout/1968-1969/ordinaire2/010.txt]EXCEPT: PasDePageScrutinTrouvee 
2015-06-02 17:26:53,043 ERROR [4-layout/1968-1969/ordinaire2/007.txt]EXCEPT: PasDePageScrutinTrouvee 
2015-06-02 17:26:53,051 ERROR [4-layout/1968-1969/ordinaire2/008.txt]EXCEPT: PasDePageScrutinTrouvee 
2015-06-02 17:26:53,155 ERROR [4-layout/1968-1969/droit1/018.txt]EXCEPT: PasDePageScrutinTrouvee 
2015-06-02 17:26:53,276 ERROR [4-layout/1968-1969/droit1/002.txt]EXCEPT: PasDePageScrutinTrouvee 
2015-06-02 17:26:53,280 ERROR [4-layout/1968-1969/droit1/014.txt]EXCEPT: PasDePageScrutinTrouvee 
2015-06-02 17:26:53,285 ERROR [4-layout/1968-1969/droit1/017.txt]EXCEPT: PasDePageScrutinTrouvee 
2015-06-02 17:26:53,291 ERROR [4-layout/1968-1969/droit1/005.txt]EXCEPT: PasDePageScrutinTrouvee 
2015-06-02 17:26:53,294 ERROR [4-layout/1968-1969/droit1/004.txt]EXCEPT: PasDePageScrutinTrouvee 
2015-06-02 17:26:53,297 ERROR [4-layout/1968-1969/droit1/009.txt]EXCEPT: PasDePageScrutinTrouvee 
2015-06-02 17:26:53,303 ERROR [4-layout/1968-1969/droit1/011.txt]EXCEPT: PasDePageScrutinTrouvee 
2015-06-02 17:26:53,307 ERROR [4-layout/1968-1969/droit1/001.txt]EXCEPT: PasDePageScrutinTrouvee 
2015-06-02 17:26:53,311 ERROR [4-layout/1968-1969/droit1/012.txt]EXCEPT: PasDePageScrutinTrouvee 
2015-06-02 17:26:53,450 ERROR [4-layout/1968-1969/droit1/003.txt]EXCEPT: PasDePageScrutinTrouvee 
2015-06-02 17:26:53,556 ERROR [4-layout/1968-1969/droit1/016.txt]EXCEPT: PasDePageScrutinTrouvee 
2015-06-02 17:26:53,561 ERROR [4-layout/1968-1969/droit1/008.txt]EXCEPT: PasDePageScrutinTrouvee 
2015-06-02 17:26:53,569 ERROR [4-layout/1968-1969/ordinaire1/078.txt]EXCEPT: PasDePageScrutinTrouvee 
2015-06-02 17:26:53,574 ERROR [4-layout/1968-1969/ordinaire1/043.txt]EXCEPT: PasDePageScrutinTrouvee 
2015-06-02 17:26:53,579 ERROR [4-layout/1968-1969/ordinaire1/063.txt]EXCEPT: PasDePageScrutinTrouvee 
2015-06-02 17:26:53,584 ERROR [4-layout/1968-1969/ordinaire1/085.txt]EXCEPT: PasDePageScrutinTrouvee 
2015-06-02 17:26:53,589 ERROR [4-layout/1968-1969/ordinaire1/054.txt]EXCEPT: PasDePageScrutinTrouvee 
2015-06-02 17:26:53,626 ERROR [4-layout/1968-1969/ordinaire1/092.txt]EXCEPT: PasDePageScrutinTrouvee 
2015-06-02 17:26:53,632 ERROR [4-layout/1968-1969/ordinaire1/018.txt]EXCEPT: PasDePageScrutinTrouvee 
2015-06-02 17:26:53,637 ERROR [4-layout/1968-1969/ordinaire1/057.txt]EXCEPT: PasDePageScrutinTrouvee 
2015-06-02 17:26:53,642 ERROR [4-layout/1968-1969/ordinaire1/040.txt]EXCEPT: PasDePageScrutinTrouvee 
2015-06-02 17:26:53,646 ERROR [4-layout/1968-1969/ordinaire1/051.txt]EXCEPT: PasDePageScrutinTrouvee 
2015-06-02 17:26:53,652 ERROR [4-layout/1968-1969/ordinaire1/047.txt]EXCEPT: PasDePageScrutinTrouvee 
2015-06-02 17:26:53,697 ERROR [4-layout/1968-1969/ordinaire1/026.txt]EXCEPT: PasDePageScrutinTrouvee 
2015-06-02 17:26:53,702 ERROR [4-layout/1968-1969/ordinaire1/059.txt]EXCEPT: PasDePageScrutinTrouvee 
2015-06-02 17:26:53,707 ERROR [4-layout/1968-1969/ordinaire1/030.txt]EXCEPT: PasDePageScrutinTrouvee 
2015-06-02 17:26:53,711 ERROR [4-layout/1968-1969/ordinaire1/029.txt]EXCEPT: PasDePageScrutinTrouvee 
2015-06-02 17:26:53,717 ERROR [4-layout/1968-1969/ordinaire1/093.txt]EXCEPT: PasDePageScrutinTrouvee 
2015-06-02 17:26:53,724 ERROR [4-layout/1968-1969/ordinaire1/095.txt]EXCEPT: PasDePageScrutinTrouvee 
2015-06-02 17:26:53,729 ERROR [4-layout/1968-1969/ordinaire1/094.txt]EXCEPT: PasDePageScrutinTrouvee 
2015-06-02 17:26:53,735 ERROR [4-layout/1968-1969/ordinaire1/019.txt]EXCEPT: PasDePageScrutinTrouvee 
2015-06-02 17:26:53,740 ERROR [4-layout/1968-1969/ordinaire1/002.txt]EXCEPT: PasDePageScrutinTrouvee 
2015-06-02 17:26:53,743 ERROR [4-layout/1968-1969/ordinaire1/060.txt]EXCEPT: PasDePageScrutinTrouvee 
2015-06-02 17:26:53,749 ERROR [4-layout/1968-1969/ordinaire1/050.txt]EXCEPT: PasDePageScrutinTrouvee 
2015-06-02 17:26:53,753 ERROR [4-layout/1968-1969/ordinaire1/074.txt]EXCEPT: PasDePageScrutinTrouvee 
2015-06-02 17:26:53,758 ERROR [4-layout/1968-1969/ordinaire1/052.txt]EXCEPT: PasDePageScrutinTrouvee 
2015-06-02 17:26:53,763 ERROR [4-layout/1968-1969/ordinaire1/014.txt]EXCEPT: PasDePageScrutinTrouvee 
2015-06-02 17:26:53,769 ERROR [4-layout/1968-1969/ordinaire1/055.txt]EXCEPT: PasDePageScrutinTrouvee 
2015-06-02 17:26:53,775 ERROR [4-layout/1968-1969/ordinaire1/083.txt]EXCEPT: PasDePageScrutinTrouvee 
2015-06-02 17:26:53,783 ERROR [4-layout/1968-1969/ordinaire1/044.txt]EXCEPT: PasDePageScrutinTrouvee 
2015-06-02 17:26:53,842 ERROR [4-layout/1968-1969/ordinaire1/045.txt]EXCEPT: PasDePageScrutinTrouvee 
2015-06-02 17:26:53,846 ERROR [4-layout/1968-1969/ordinaire1/017.txt]EXCEPT: PasDePageScrutinTrouvee 
2015-06-02 17:26:53,850 ERROR [4-layout/1968-1969/ordinaire1/081.txt]EXCEPT: PasDePageScrutinTrouvee 
2015-06-02 17:26:53,857 ERROR [4-layout/1968-1969/ordinaire1/005.txt]EXCEPT: PasDePageScrutinTrouvee 
2015-06-02 17:26:53,863 ERROR [4-layout/1968-1969/ordinaire1/025.txt]EXCEPT: PasDePageScrutinTrouvee 
2015-06-02 17:26:53,868 ERROR [4-layout/1968-1969/ordinaire1/068.txt]EXCEPT: PasDePageScrutinTrouvee 
2015-06-02 17:26:53,875 ERROR [4-layout/1968-1969/ordinaire1/035.txt]EXCEPT: PasDePageScrutinTrouvee 
2015-06-02 17:26:53,880 ERROR [4-layout/1968-1969/ordinaire1/042.txt]EXCEPT: PasDePageScrutinTrouvee 
2015-06-02 17:26:53,884 ERROR [4-layout/1968-1969/ordinaire1/070.txt]EXCEPT: PasDePageScrutinTrouvee 
2015-06-02 17:26:53,888 ERROR [4-layout/1968-1969/ordinaire1/004.txt]EXCEPT: PasDePageScrutinTrouvee 
2015-06-02 17:26:53,894 ERROR [4-layout/1968-1969/ordinaire1/073.txt]EXCEPT: PasDePageScrutinTrouvee 
2015-06-02 17:26:53,897 ERROR [4-layout/1968-1969/ordinaire1/006.txt]EXCEPT: PasDePageScrutinTrouvee 
2015-06-02 17:26:53,903 ERROR [4-layout/1968-1969/ordinaire1/031.txt]EXCEPT: PasDePageScrutinTrouvee 
2015-06-02 17:26:53,909 ERROR [4-layout/1968-1969/ordinaire1/089.txt]EXCEPT: PasDePageScrutinTrouvee 
2015-06-02 17:26:53,915 ERROR [4-layout/1968-1969/ordinaire1/009.txt]EXCEPT: PasDePageScrutinTrouvee 
2015-06-02 17:26:53,979 ERROR [4-layout/1968-1969/ordinaire1/071.txt]EXCEPT: PasDePageScrutinTrouvee 
2015-06-02 17:26:53,984 ERROR [4-layout/1968-1969/ordinaire1/087.txt]EXCEPT: PasDePageScrutinTrouvee 
2015-06-02 17:26:53,988 ERROR [4-layout/1968-1969/ordinaire1/091.txt]EXCEPT: PasDePageScrutinTrouvee 
2015-06-02 17:26:53,994 ERROR [4-layout/1968-1969/ordinaire1/102.txt]EXCEPT: PasDePageScrutinTrouvee 
2015-06-02 17:26:53,999 ERROR [4-layout/1968-1969/ordinaire1/049.txt]EXCEPT: PasDePageScrutinTrouvee 
2015-06-02 17:26:54,167 ERROR [4-layout/1968-1969/ordinaire1/024.txt]EXCEPT: PasDePageScrutinTrouvee 
2015-06-02 17:26:54,330 ERROR [4-layout/1968-1969/ordinaire1/037.txt]EXCEPT: PasDePageScrutinTrouvee 
2015-06-02 17:26:54,335 ERROR [4-layout/1968-1969/ordinaire1/023.txt]EXCEPT: PasDePageScrutinTrouvee 
2015-06-02 17:26:54,339 ERROR [4-layout/1968-1969/ordinaire1/032.txt]EXCEPT: PasDePageScrutinTrouvee 
2015-06-02 17:26:54,343 ERROR [4-layout/1968-1969/ordinaire1/096.txt]EXCEPT: PasDePageScrutinTrouvee 
2015-06-02 17:26:54,579 ERROR [4-layout/1968-1969/ordinaire1/046.txt]EXCEPT: PasDePageScrutinTrouvee 
2015-06-02 17:26:54,584 ERROR [4-layout/1968-1969/ordinaire1/056.txt]EXCEPT: PasDePageScrutinTrouvee 
2015-06-02 17:26:54,594 ERROR [4-layout/1968-1969/ordinaire1/066.txt]EXCEPT: PasDePageScrutinTrouvee 
2015-06-02 17:26:54,605 ERROR [4-layout/1968-1969/ordinaire1/100.txt]EXCEPT: PasDePageScrutinTrouvee 
2015-06-02 17:26:54,615 ERROR [4-layout/1968-1969/ordinaire1/058.txt]EXCEPT: PasDePageScrutinTrouvee 
2015-06-02 17:26:54,622 ERROR [4-layout/1968-1969/ordinaire1/099.txt]EXCEPT: PasDePageScrutinTrouvee 
2015-06-02 17:26:54,627 ERROR [4-layout/1968-1969/ordinaire1/001.txt]EXCEPT: PasDePageScrutinTrouvee 
2015-06-02 17:26:54,635 ERROR [4-layout/1968-1969/ordinaire1/077.txt]EXCEPT: PasDePageScrutinTrouvee 
2015-06-02 17:26:54,640 ERROR [4-layout/1968-1969/ordinaire1/012.txt]EXCEPT: PasDePageScrutinTrouvee 
2015-06-02 17:26:54,646 ERROR [4-layout/1968-1969/ordinaire1/013.txt]EXCEPT: PasDePageScrutinTrouvee 
2015-06-02 17:26:54,651 ERROR [4-layout/1968-1969/ordinaire1/067.txt]EXCEPT: PasDePageScrutinTrouvee 
2015-06-02 17:26:54,659 ERROR [4-layout/1968-1969/ordinaire1/003.txt]EXCEPT: PasDePageScrutinTrouvee 
2015-06-02 17:26:54,666 ERROR [4-layout/1968-1969/ordinaire1/065.txt]EXCEPT: PasDePageScrutinTrouvee 
2015-06-02 17:26:54,672 ERROR [4-layout/1968-1969/ordinaire1/010.txt]EXCEPT: PasDePageScrutinTrouvee 
2015-06-02 17:26:54,678 ERROR [4-layout/1968-1969/ordinaire1/072.txt]EXCEPT: PasDePageScrutinTrouvee 
2015-06-02 17:26:54,723 ERROR [4-layout/1968-1969/ordinaire1/101.txt]EXCEPT: PasDePageScrutinTrouvee 
2015-06-02 17:26:54,727 ERROR [4-layout/1968-1969/ordinaire1/028.txt]EXCEPT: PasDePageScrutinTrouvee 
2015-06-02 17:26:54,732 ERROR [4-layout/1968-1969/ordinaire1/036.txt]EXCEPT: PasDePageScrutinTrouvee 
2015-06-02 17:26:54,740 ERROR [4-layout/1968-1969/ordinaire1/076.txt]EXCEPT: PasDePageScrutinTrouvee 
2015-06-02 17:26:54,885 ERROR [4-layout/1968-1969/ordinaire1/038.txt]EXCEPT: PasDePageScrutinTrouvee 
2015-06-02 17:26:54,894 ERROR [4-layout/1968-1969/ordinaire1/033.txt]EXCEPT: PasDePageScrutinTrouvee 
2015-06-02 17:26:54,903 ERROR [4-layout/1968-1969/ordinaire1/090.txt]EXCEPT: PasDePageScrutinTrouvee 
2015-06-02 17:26:54,908 ERROR [4-layout/1968-1969/ordinaire1/053.txt]EXCEPT: PasDePageScrutinTrouvee 
2015-06-02 17:26:54,912 ERROR [4-layout/1968-1969/ordinaire1/079.txt]EXCEPT: PasDePageScrutinTrouvee 
2015-06-02 17:26:55,069 ERROR [4-layout/1968-1969/ordinaire1/048.txt]EXCEPT: PasDePageScrutinTrouvee 
2015-06-02 17:26:55,190 ERROR [4-layout/1968-1969/ordinaire1/064.txt]EXCEPT: PasDePageScrutinTrouvee 
2015-06-02 17:26:55,197 ERROR [4-layout/1968-1969/ordinaire1/034.txt]EXCEPT: PasDePageScrutinTrouvee 
2015-06-02 17:26:55,204 ERROR [4-layout/1968-1969/ordinaire1/016.txt]EXCEPT: PasDePageScrutinTrouvee 
2015-06-02 17:26:55,212 ERROR [4-layout/1968-1969/ordinaire1/082.txt]EXCEPT: PasDePageScrutinTrouvee 
2015-06-02 17:26:55,219 ERROR [4-layout/1968-1969/ordinaire1/039.txt]EXCEPT: PasDePageScrutinTrouvee 
2015-06-02 17:26:55,230 ERROR [4-layout/1968-1969/ordinaire1/041.txt]EXCEPT: PasDePageScrutinTrouvee 
2015-06-02 17:26:55,236 ERROR [4-layout/1968-1969/ordinaire1/061.txt]EXCEPT: PasDePageScrutinTrouvee 
2015-06-02 17:26:55,246 ERROR [4-layout/1968-1969/ordinaire1/062.txt]EXCEPT: PasDePageScrutinTrouvee 
2015-06-02 17:26:55,254 ERROR [4-layout/1968-1969/ordinaire1/088.txt]EXCEPT: PasDePageScrutinTrouvee 
2015-06-02 17:26:55,261 ERROR [4-layout/1968-1969/ordinaire1/008.txt]EXCEPT: PasDePageScrutinTrouvee 
2015-06-02 17:26:55,270 ERROR [4-layout/1972-1973/ordinaire1/078.txt]EXCEPT: PasDePageScrutinTrouvee 
2015-06-02 17:26:55,275 ERROR [4-layout/1972-1973/ordinaire1/043.txt]EXCEPT: PasDePageScrutinTrouvee 
2015-06-02 17:26:55,284 ERROR [4-layout/1972-1973/ordinaire1/063.txt]EXCEPT: PasDePageScrutinTrouvee 
2015-06-02 17:26:55,289 ERROR [4-layout/1972-1973/ordinaire1/085.txt]EXCEPT: PasDePageScrutinTrouvee 
2015-06-02 17:26:55,296 ERROR [4-layout/1972-1973/ordinaire1/054.txt]EXCEPT: PasDePageScrutinTrouvee 
2015-06-02 17:26:55,303 ERROR [4-layout/1972-1973/ordinaire1/015.txt]EXCEPT: PasDePageScrutinTrouvee 
2015-06-02 17:26:55,416 ERROR [4-layout/1972-1973/ordinaire1/057.txt]EXCEPT: PasDePageScrutinTrouvee 
2015-06-02 17:26:55,421 ERROR [4-layout/1972-1973/ordinaire1/040.txt]EXCEPT: PasDePageScrutinTrouvee 
2015-06-02 17:26:55,426 ERROR [4-layout/1972-1973/ordinaire1/051.txt]EXCEPT: PasDePageScrutinTrouvee 
2015-06-02 17:26:55,431 ERROR [4-layout/1972-1973/ordinaire1/047.txt]EXCEPT: PasDePageScrutinTrouvee 
2015-06-02 17:26:55,436 ERROR [4-layout/1972-1973/ordinaire1/084.txt]EXCEPT: PasDePageScrutinTrouvee 
2015-06-02 17:26:55,506 ERROR [4-layout/1972-1973/ordinaire1/059.txt]EXCEPT: PasDePageScrutinTrouvee 
2015-06-02 17:26:55,514 ERROR [4-layout/1972-1973/ordinaire1/030.txt]EXCEPT: PasDePageScrutinTrouvee 
2015-06-02 17:26:55,518 ERROR [4-layout/1972-1973/ordinaire1/029.txt]EXCEPT: PasDePageScrutinTrouvee 
2015-06-02 17:26:55,526 ERROR [4-layout/1972-1973/ordinaire1/019.txt]EXCEPT: PasDePageScrutinTrouvee 
2015-06-02 17:26:55,531 ERROR [4-layout/1972-1973/ordinaire1/002.txt]EXCEPT: PasDePageScrutinTrouvee 
2015-06-02 17:26:55,539 ERROR [4-layout/1972-1973/ordinaire1/060.txt]EXCEPT: PasDePageScrutinTrouvee 
2015-06-02 17:26:55,545 ERROR [4-layout/1972-1973/ordinaire1/050.txt]EXCEPT: PasDePageScrutinTrouvee 
2015-06-02 17:26:55,550 ERROR [4-layout/1972-1973/ordinaire1/074.txt]EXCEPT: PasDePageScrutinTrouvee 
2015-06-02 17:26:55,555 ERROR [4-layout/1972-1973/ordinaire1/052.txt]EXCEPT: PasDePageScrutinTrouvee 
2015-06-02 17:26:55,561 ERROR [4-layout/1972-1973/ordinaire1/014.txt]EXCEPT: PasDePageScrutinTrouvee 
2015-06-02 17:26:55,566 ERROR [4-layout/1972-1973/ordinaire1/055.txt]EXCEPT: PasDePageScrutinTrouvee 
2015-06-02 17:26:55,621 ERROR [4-layout/1972-1973/ordinaire1/044.txt]EXCEPT: PasDePageScrutinTrouvee 
2015-06-02 17:26:55,624 ERROR [4-layout/1972-1973/ordinaire1/021.txt]EXCEPT: PasDePageScrutinTrouvee 
2015-06-02 17:26:55,629 ERROR [4-layout/1972-1973/ordinaire1/045.txt]EXCEPT: PasDePageScrutinTrouvee 
2015-06-02 17:26:55,672 ERROR [4-layout/1972-1973/ordinaire1/081.txt]EXCEPT: PasDePageScrutinTrouvee 
2015-06-02 17:26:55,678 ERROR [4-layout/1972-1973/ordinaire1/005.txt]EXCEPT: PasDePageScrutinTrouvee 
2015-06-02 17:26:55,682 ERROR [4-layout/1972-1973/ordinaire1/025.txt]EXCEPT: PasDePageScrutinTrouvee 
2015-06-02 17:26:55,813 ERROR [4-layout/1972-1973/ordinaire1/035.txt]EXCEPT: PasDePageScrutinTrouvee 
2015-06-02 17:26:55,817 ERROR [4-layout/1972-1973/ordinaire1/042.txt]EXCEPT: PasDePageScrutinTrouvee 
2015-06-02 17:26:55,826 ERROR [4-layout/1972-1973/ordinaire1/070.txt]EXCEPT: PasDePageScrutinTrouvee 
2015-06-02 17:26:55,833 ERROR [4-layout/1972-1973/ordinaire1/004.txt]EXCEPT: PasDePageScrutinTrouvee 
2015-06-02 17:26:55,870 ERROR [4-layout/1972-1973/ordinaire1/006.txt]EXCEPT: PasDePageScrutinTrouvee 
2015-06-02 17:26:55,875 ERROR [4-layout/1972-1973/ordinaire1/031.txt]EXCEPT: PasDePageScrutinTrouvee 
2015-06-02 17:26:56,073 ERROR [4-layout/1972-1973/ordinaire1/071.txt]EXCEPT: PasDePageScrutinTrouvee 
2015-06-02 17:26:56,077 ERROR [4-layout/1972-1973/ordinaire1/087.txt]EXCEPT: PasDePageScrutinTrouvee 
2015-06-02 17:26:56,082 ERROR [4-layout/1972-1973/ordinaire1/049.txt]EXCEPT: PasDePageScrutinTrouvee 
2015-06-02 17:26:56,088 ERROR [4-layout/1972-1973/ordinaire1/011.txt]EXCEPT: PasDePageScrutinTrouvee 
2015-06-02 17:26:56,093 ERROR [4-layout/1972-1973/ordinaire1/024.txt]EXCEPT: PasDePageScrutinTrouvee 
2015-06-02 17:26:56,098 ERROR [4-layout/1972-1973/ordinaire1/069.txt]EXCEPT: PasDePageScrutinTrouvee 
2015-06-02 17:26:56,103 ERROR [4-layout/1972-1973/ordinaire1/020.txt]EXCEPT: PasDePageScrutinTrouvee 
2015-06-02 17:26:56,109 ERROR [4-layout/1972-1973/ordinaire1/037.txt]EXCEPT: PasDePageScrutinTrouvee 
2015-06-02 17:26:56,113 ERROR [4-layout/1972-1973/ordinaire1/023.txt]EXCEPT: PasDePageScrutinTrouvee 
2015-06-02 17:26:56,119 ERROR [4-layout/1972-1973/ordinaire1/032.txt]EXCEPT: PasDePageScrutinTrouvee 
2015-06-02 17:26:56,159 ERROR [4-layout/1972-1973/ordinaire1/046.txt]EXCEPT: PasDePageScrutinTrouvee 
2015-06-02 17:26:56,166 ERROR [4-layout/1972-1973/ordinaire1/056.txt]EXCEPT: PasDePageScrutinTrouvee 
2015-06-02 17:26:56,172 ERROR [4-layout/1972-1973/ordinaire1/066.txt]EXCEPT: PasDePageScrutinTrouvee 
2015-06-02 17:26:56,176 ERROR [4-layout/1972-1973/ordinaire1/058.txt]EXCEPT: PasDePageScrutinTrouvee 
2015-06-02 17:26:56,183 ERROR [4-layout/1972-1973/ordinaire1/001.txt]EXCEPT: PasDePageScrutinTrouvee 
2015-06-02 17:26:56,190 ERROR [4-layout/1972-1973/ordinaire1/077.txt]EXCEPT: PasDePageScrutinTrouvee 
2015-06-02 17:26:56,223 ERROR [4-layout/1972-1973/ordinaire1/013.txt]EXCEPT: PasDePageScrutinTrouvee 
2015-06-02 17:26:56,227 ERROR [4-layout/1972-1973/ordinaire1/067.txt]EXCEPT: PasDePageScrutinTrouvee 
2015-06-02 17:26:56,233 ERROR [4-layout/1972-1973/ordinaire1/003.txt]EXCEPT: PasDePageScrutinTrouvee 
2015-06-02 17:26:56,240 ERROR [4-layout/1972-1973/ordinaire1/065.txt]EXCEPT: PasDePageScrutinTrouvee 
2015-06-02 17:26:56,246 ERROR [4-layout/1972-1973/ordinaire1/010.txt]EXCEPT: PasDePageScrutinTrouvee 
2015-06-02 17:26:56,251 ERROR [4-layout/1972-1973/ordinaire1/072.txt]EXCEPT: PasDePageScrutinTrouvee 
2015-06-02 17:26:56,254 ERROR [4-layout/1972-1973/ordinaire1/028.txt]EXCEPT: PasDePageScrutinTrouvee 
2015-06-02 17:26:56,259 ERROR [4-layout/1972-1973/ordinaire1/036.txt]EXCEPT: PasDePageScrutinTrouvee 
2015-06-02 17:26:56,264 ERROR [4-layout/1972-1973/ordinaire1/076.txt]EXCEPT: PasDePageScrutinTrouvee 
2015-06-02 17:26:56,494 ERROR [4-layout/1972-1973/ordinaire1/033.txt]EXCEPT: PasDePageScrutinTrouvee 
2015-06-02 17:26:56,498 ERROR [4-layout/1972-1973/ordinaire1/027.txt]EXCEPT: PasDePageScrutinTrouvee 
2015-06-02 17:26:56,506 ERROR [4-layout/1972-1973/ordinaire1/090.txt]EXCEPT: PasDePageScrutinTrouvee 
2015-06-02 17:26:56,538 ERROR [4-layout/1972-1973/ordinaire1/079.txt]EXCEPT: PasDePageScrutinTrouvee 
2015-06-02 17:26:56,543 ERROR [4-layout/1972-1973/ordinaire1/022.txt]EXCEPT: PasDePageScrutinTrouvee 
2015-06-02 17:26:56,548 ERROR [4-layout/1972-1973/ordinaire1/048.txt]EXCEPT: PasDePageScrutinTrouvee 
2015-06-02 17:26:56,556 ERROR [4-layout/1972-1973/ordinaire1/086.txt]EXCEPT: PasDePageScrutinTrouvee 
2015-06-02 17:26:56,561 ERROR [4-layout/1972-1973/ordinaire1/064.txt]EXCEPT: PasDePageScrutinTrouvee 
2015-06-02 17:26:56,566 ERROR [4-layout/1972-1973/ordinaire1/034.txt]EXCEPT: PasDePageScrutinTrouvee 
2015-06-02 17:26:56,572 ERROR [4-layout/1972-1973/ordinaire1/016.txt]EXCEPT: PasDePageScrutinTrouvee 
2015-06-02 17:26:56,612 ERROR [4-layout/1972-1973/ordinaire1/039.txt]EXCEPT: PasDePageScrutinTrouvee 
2015-06-02 17:26:56,619 ERROR [4-layout/1972-1973/ordinaire1/041.txt]EXCEPT: PasDePageScrutinTrouvee 
2015-06-02 17:26:56,781 ERROR [4-layout/1972-1973/ordinaire1/088.txt]EXCEPT: PasDePageScrutinTrouvee 
2015-06-02 17:26:56,789 ERROR [4-layout/1972-1973/ordinaire1/008.txt]EXCEPT: PasDePageScrutinTrouvee 
2015-06-02 17:26:56,821 ERROR [4-layout/1971-1972/ordinaire2/063.txt]EXCEPT: PasDePageScrutinTrouvee 
2015-06-02 17:26:56,829 ERROR [4-layout/1971-1972/ordinaire2/054.txt]EXCEPT: PasDePageScrutinTrouvee 
2015-06-02 17:26:56,837 ERROR [4-layout/1971-1972/ordinaire2/015.txt]EXCEPT: PasDePageScrutinTrouvee 
2015-06-02 17:26:56,845 ERROR [4-layout/1971-1972/ordinaire2/018.txt]EXCEPT: PasDePageScrutinTrouvee 
2015-06-02 17:26:56,849 ERROR [4-layout/1971-1972/ordinaire2/057.txt]EXCEPT: PasDePageScrutinTrouvee 
2015-06-02 17:26:56,858 ERROR [4-layout/1971-1972/ordinaire2/040.txt]EXCEPT: PasDePageScrutinTrouvee 
2015-06-02 17:26:56,864 ERROR [4-layout/1971-1972/ordinaire2/051.txt]EXCEPT: PasDePageScrutinTrouvee 
2015-06-02 17:26:56,869 ERROR [4-layout/1971-1972/ordinaire2/047.txt]EXCEPT: PasDePageScrutinTrouvee 
2015-06-02 17:26:56,872 ERROR [4-layout/1971-1972/ordinaire2/026.txt]EXCEPT: PasDePageScrutinTrouvee 
2015-06-02 17:26:56,880 ERROR [4-layout/1971-1972/ordinaire2/059.txt]EXCEPT: PasDePageScrutinTrouvee 
2015-06-02 17:26:56,916 ERROR [4-layout/1971-1972/ordinaire2/029.txt]EXCEPT: PasDePageScrutinTrouvee 
2015-06-02 17:26:56,924 ERROR [4-layout/1971-1972/ordinaire2/019.txt]EXCEPT: PasDePageScrutinTrouvee 
2015-06-02 17:26:56,929 ERROR [4-layout/1971-1972/ordinaire2/002.txt]EXCEPT: PasDePageScrutinTrouvee 
2015-06-02 17:26:56,935 ERROR [4-layout/1971-1972/ordinaire2/060.txt]EXCEPT: PasDePageScrutinTrouvee 
2015-06-02 17:26:56,942 ERROR [4-layout/1971-1972/ordinaire2/050.txt]EXCEPT: PasDePageScrutinTrouvee 
2015-06-02 17:26:57,061 ERROR [4-layout/1971-1972/ordinaire2/055.txt]EXCEPT: PasDePageScrutinTrouvee 
2015-06-02 17:26:57,098 ERROR [4-layout/1971-1972/ordinaire2/021.txt]EXCEPT: PasDePageScrutinTrouvee 
2015-06-02 17:26:57,103 ERROR [4-layout/1971-1972/ordinaire2/045.txt]EXCEPT: PasDePageScrutinTrouvee 
2015-06-02 17:26:57,141 ERROR [4-layout/1971-1972/ordinaire2/005.txt]EXCEPT: PasDePageScrutinTrouvee 
2015-06-02 17:26:57,146 ERROR [4-layout/1971-1972/ordinaire2/025.txt]EXCEPT: PasDePageScrutinTrouvee 
2015-06-02 17:26:57,154 ERROR [4-layout/1971-1972/ordinaire2/035.txt]EXCEPT: PasDePageScrutinTrouvee 
2015-06-02 17:26:57,189 ERROR [4-layout/1971-1972/ordinaire2/004.txt]EXCEPT: PasDePageScrutinTrouvee 
2015-06-02 17:26:57,434 ERROR [4-layout/1971-1972/ordinaire2/011.txt]EXCEPT: PasDePageScrutinTrouvee 
2015-06-02 17:26:57,449 ERROR [4-layout/1971-1972/ordinaire2/024.txt]EXCEPT: PasDePageScrutinTrouvee 
2015-06-02 17:26:57,517 ERROR [4-layout/1971-1972/ordinaire2/037.txt]EXCEPT: PasDePageScrutinTrouvee 
2015-06-02 17:26:57,550 ERROR [4-layout/1971-1972/ordinaire2/032.txt]EXCEPT: PasDePageScrutinTrouvee 
2015-06-02 17:26:57,558 ERROR [4-layout/1971-1972/ordinaire2/046.txt]EXCEPT: PasDePageScrutinTrouvee 
2015-06-02 17:26:57,563 ERROR [4-layout/1971-1972/ordinaire2/056.txt]EXCEPT: PasDePageScrutinTrouvee 
2015-06-02 17:26:57,568 ERROR [4-layout/1971-1972/ordinaire2/058.txt]EXCEPT: PasDePageScrutinTrouvee 
2015-06-02 17:26:57,572 ERROR [4-layout/1971-1972/ordinaire2/001.txt]EXCEPT: PasDePageScrutinTrouvee 
2015-06-02 17:26:57,576 ERROR [4-layout/1971-1972/ordinaire2/012.txt]EXCEPT: PasDePageScrutinTrouvee 
2015-06-02 17:26:57,677 ERROR [4-layout/1971-1972/ordinaire2/065.txt]EXCEPT: PasDePageScrutinTrouvee 
2015-06-02 17:26:57,684 ERROR [4-layout/1971-1972/ordinaire2/010.txt]EXCEPT: PasDePageScrutinTrouvee 
2015-06-02 17:26:57,688 ERROR [4-layout/1971-1972/ordinaire2/028.txt]EXCEPT: PasDePageScrutinTrouvee 
2015-06-02 17:26:57,698 ERROR [4-layout/1971-1972/ordinaire2/036.txt]EXCEPT: PasDePageScrutinTrouvee 
2015-06-02 17:26:57,765 ERROR [4-layout/1971-1972/ordinaire2/038.txt]EXCEPT: PasDePageScrutinTrouvee 
2015-06-02 17:26:57,771 ERROR [4-layout/1971-1972/ordinaire2/033.txt]EXCEPT: PasDePageScrutinTrouvee 
2015-06-02 17:26:57,920 ERROR [4-layout/1971-1972/ordinaire2/022.txt]EXCEPT: PasDePageScrutinTrouvee 
2015-06-02 17:26:57,924 ERROR [4-layout/1971-1972/ordinaire2/048.txt]EXCEPT: PasDePageScrutinTrouvee 
2015-06-02 17:26:57,926 ERROR [4-layout/1971-1972/ordinaire2/064.txt]EXCEPT: PasDePageScrutinTrouvee 
2015-06-02 17:26:57,930 ERROR [4-layout/1971-1972/ordinaire2/034.txt]EXCEPT: PasDePageScrutinTrouvee 
2015-06-02 17:26:57,937 ERROR [4-layout/1971-1972/ordinaire2/016.txt]EXCEPT: PasDePageScrutinTrouvee 
2015-06-02 17:26:57,948 ERROR [4-layout/1971-1972/ordinaire2/039.txt]EXCEPT: PasDePageScrutinTrouvee 
2015-06-02 17:26:57,957 ERROR [4-layout/1971-1972/ordinaire2/041.txt]EXCEPT: PasDePageScrutinTrouvee 
2015-06-02 17:26:57,964 ERROR [4-layout/1971-1972/ordinaire2/061.txt]EXCEPT: PasDePageScrutinTrouvee 
2015-06-02 17:26:57,970 ERROR [4-layout/1971-1972/ordinaire2/062.txt]EXCEPT: PasDePageScrutinTrouvee 
2015-06-02 17:26:58,161 ERROR [4-layout/1971-1972/ordinaire1/043.txt]EXCEPT: PasDePageScrutinTrouvee 
2015-06-02 17:26:58,165 ERROR [4-layout/1971-1972/ordinaire1/063.txt]EXCEPT: PasDePageScrutinTrouvee 
2015-06-02 17:26:58,172 ERROR [4-layout/1971-1972/ordinaire1/085.txt]EXCEPT: PasDePageScrutinTrouvee 
2015-06-02 17:26:58,176 ERROR [4-layout/1971-1972/ordinaire1/054.txt]EXCEPT: PasDePageScrutinTrouvee 
2015-06-02 17:26:58,182 ERROR [4-layout/1971-1972/ordinaire1/015.txt]EXCEPT: PasDePageScrutinTrouvee 
2015-06-02 17:26:58,187 ERROR [4-layout/1971-1972/ordinaire1/092.txt]EXCEPT: PasDePageScrutinTrouvee 
2015-06-02 17:26:58,267 ERROR [4-layout/1971-1972/ordinaire1/057.txt]EXCEPT: PasDePageScrutinTrouvee 
2015-06-02 17:26:58,272 ERROR [4-layout/1971-1972/ordinaire1/040.txt]EXCEPT: PasDePageScrutinTrouvee 
2015-06-02 17:26:58,276 ERROR [4-layout/1971-1972/ordinaire1/051.txt]EXCEPT: PasDePageScrutinTrouvee 
2015-06-02 17:26:58,281 ERROR [4-layout/1971-1972/ordinaire1/047.txt]EXCEPT: PasDePageScrutinTrouvee 
2015-06-02 17:26:58,288 ERROR [4-layout/1971-1972/ordinaire1/084.txt]EXCEPT: PasDePageScrutinTrouvee 
2015-06-02 17:26:58,292 ERROR [4-layout/1971-1972/ordinaire1/026.txt]EXCEPT: PasDePageScrutinTrouvee 
2015-06-02 17:26:58,297 ERROR [4-layout/1971-1972/ordinaire1/059.txt]EXCEPT: PasDePageScrutinTrouvee 
2015-06-02 17:26:58,327 ERROR [4-layout/1971-1972/ordinaire1/029.txt]EXCEPT: PasDePageScrutinTrouvee 
2015-06-02 17:26:58,332 ERROR [4-layout/1971-1972/ordinaire1/093.txt]EXCEPT: PasDePageScrutinTrouvee 
2015-06-02 17:26:58,342 ERROR [4-layout/1971-1972/ordinaire1/095.txt]EXCEPT: PasDePageScrutinTrouvee 
2015-06-02 17:26:58,350 ERROR [4-layout/1971-1972/ordinaire1/094.txt]EXCEPT: PasDePageScrutinTrouvee 
2015-06-02 17:26:58,355 ERROR [4-layout/1971-1972/ordinaire1/019.txt]EXCEPT: PasDePageScrutinTrouvee 
2015-06-02 17:26:58,360 ERROR [4-layout/1971-1972/ordinaire1/002.txt]EXCEPT: PasDePageScrutinTrouvee 
2015-06-02 17:26:58,365 ERROR [4-layout/1971-1972/ordinaire1/060.txt]EXCEPT: PasDePageScrutinTrouvee 
2015-06-02 17:26:58,369 ERROR [4-layout/1971-1972/ordinaire1/050.txt]EXCEPT: PasDePageScrutinTrouvee 
2015-06-02 17:26:58,374 ERROR [4-layout/1971-1972/ordinaire1/074.txt]EXCEPT: PasDePageScrutinTrouvee 
2015-06-02 17:26:58,379 ERROR [4-layout/1971-1972/ordinaire1/052.txt]EXCEPT: PasDePageScrutinTrouvee 
2015-06-02 17:26:58,385 ERROR [4-layout/1971-1972/ordinaire1/014.txt]EXCEPT: PasDePageScrutinTrouvee 
2015-06-02 17:26:58,389 ERROR [4-layout/1971-1972/ordinaire1/083.txt]EXCEPT: PasDePageScrutinTrouvee 
2015-06-02 17:26:58,393 ERROR [4-layout/1971-1972/ordinaire1/044.txt]EXCEPT: PasDePageScrutinTrouvee 
2015-06-02 17:26:58,431 ERROR [4-layout/1971-1972/ordinaire1/045.txt]EXCEPT: PasDePageScrutinTrouvee 
2015-06-02 17:26:58,496 ERROR [4-layout/1971-1972/ordinaire1/081.txt]EXCEPT: PasDePageScrutinTrouvee 
2015-06-02 17:26:58,501 ERROR [4-layout/1971-1972/ordinaire1/005.txt]EXCEPT: PasDePageScrutinTrouvee 
2015-06-02 17:26:58,508 ERROR [4-layout/1971-1972/ordinaire1/025.txt]EXCEPT: PasDePageScrutinTrouvee 
2015-06-02 17:26:58,512 ERROR [4-layout/1971-1972/ordinaire1/068.txt]EXCEPT: PasDePageScrutinTrouvee 
2015-06-02 17:26:58,516 ERROR [4-layout/1971-1972/ordinaire1/035.txt]EXCEPT: PasDePageScrutinTrouvee 
2015-06-02 17:26:58,623 ERROR [4-layout/1971-1972/ordinaire1/070.txt]EXCEPT: PasDePageScrutinTrouvee 
2015-06-02 17:26:58,629 ERROR [4-layout/1971-1972/ordinaire1/004.txt]EXCEPT: PasDePageScrutinTrouvee 
2015-06-02 17:26:58,635 ERROR [4-layout/1971-1972/ordinaire1/073.txt]EXCEPT: PasDePageScrutinTrouvee 
2015-06-02 17:26:58,643 ERROR [4-layout/1971-1972/ordinaire1/006.txt]EXCEPT: PasDePageScrutinTrouvee 
2015-06-02 17:26:58,651 ERROR [4-layout/1971-1972/ordinaire1/031.txt]EXCEPT: PasDePageScrutinTrouvee 
2015-06-02 17:26:58,656 ERROR [4-layout/1971-1972/ordinaire1/089.txt]EXCEPT: PasDePageScrutinTrouvee 
2015-06-02 17:26:58,711 ERROR [4-layout/1971-1972/ordinaire1/075.txt]EXCEPT: PasDePageScrutinTrouvee 
2015-06-02 17:26:58,715 ERROR [4-layout/1971-1972/ordinaire1/071.txt]EXCEPT: PasDePageScrutinTrouvee 
2015-06-02 17:26:58,746 ERROR [4-layout/1971-1972/ordinaire1/091.txt]EXCEPT: PasDePageScrutinTrouvee 
2015-06-02 17:26:58,750 ERROR [4-layout/1971-1972/ordinaire1/102.txt]EXCEPT: PasDePageScrutinTrouvee 
2015-06-02 17:26:58,756 ERROR [4-layout/1971-1972/ordinaire1/011.txt]EXCEPT: PasDePageScrutinTrouvee 
2015-06-02 17:26:58,761 ERROR [4-layout/1971-1972/ordinaire1/024.txt]EXCEPT: PasDePageScrutinTrouvee 
2015-06-02 17:26:58,813 ERROR [4-layout/1971-1972/ordinaire1/020.txt]EXCEPT: PasDePageScrutinTrouvee 
2015-06-02 17:26:58,818 ERROR [4-layout/1971-1972/ordinaire1/037.txt]EXCEPT: PasDePageScrutinTrouvee 
2015-06-02 17:26:58,824 ERROR [4-layout/1971-1972/ordinaire1/023.txt]EXCEPT: PasDePageScrutinTrouvee 
2015-06-02 17:26:58,829 ERROR [4-layout/1971-1972/ordinaire1/032.txt]EXCEPT: PasDePageScrutinTrouvee 
2015-06-02 17:26:58,871 ERROR [4-layout/1971-1972/ordinaire1/080.txt]EXCEPT: PasDePageScrutinTrouvee 
2015-06-02 17:26:58,878 ERROR [4-layout/1971-1972/ordinaire1/046.txt]EXCEPT: PasDePageScrutinTrouvee 
2015-06-02 17:26:58,882 ERROR [4-layout/1971-1972/ordinaire1/056.txt]EXCEPT: PasDePageScrutinTrouvee 
2015-06-02 17:26:58,889 ERROR [4-layout/1971-1972/ordinaire1/066.txt]EXCEPT: PasDePageScrutinTrouvee 
2015-06-02 17:26:58,895 ERROR [4-layout/1971-1972/ordinaire1/100.txt]EXCEPT: PasDePageScrutinTrouvee 
2015-06-02 17:26:58,900 ERROR [4-layout/1971-1972/ordinaire1/058.txt]EXCEPT: PasDePageScrutinTrouvee 
2015-06-02 17:26:58,903 ERROR [4-layout/1971-1972/ordinaire1/099.txt]EXCEPT: PasDePageScrutinTrouvee 
2015-06-02 17:26:58,913 ERROR [4-layout/1971-1972/ordinaire1/001.txt]EXCEPT: PasDePageScrutinTrouvee 
2015-06-02 17:26:59,165 ERROR [4-layout/1971-1972/ordinaire1/013.txt]EXCEPT: PasDePageScrutinTrouvee 
2015-06-02 17:26:59,173 ERROR [4-layout/1971-1972/ordinaire1/067.txt]EXCEPT: PasDePageScrutinTrouvee 
2015-06-02 17:26:59,206 ERROR [4-layout/1971-1972/ordinaire1/065.txt]EXCEPT: PasDePageScrutinTrouvee 
2015-06-02 17:26:59,214 ERROR [4-layout/1971-1972/ordinaire1/010.txt]EXCEPT: PasDePageScrutinTrouvee 
2015-06-02 17:26:59,258 ERROR [4-layout/1971-1972/ordinaire1/097.txt]EXCEPT: PasDePageScrutinTrouvee 
2015-06-02 17:26:59,293 ERROR [4-layout/1971-1972/ordinaire1/028.txt]EXCEPT: PasDePageScrutinTrouvee 
2015-06-02 17:26:59,298 ERROR [4-layout/1971-1972/ordinaire1/036.txt]EXCEPT: PasDePageScrutinTrouvee 
2015-06-02 17:26:59,330 ERROR [4-layout/1971-1972/ordinaire1/007.txt]EXCEPT: PasDePageScrutinTrouvee 
2015-06-02 17:26:59,336 ERROR [4-layout/1971-1972/ordinaire1/038.txt]EXCEPT: PasDePageScrutinTrouvee 
2015-06-02 17:26:59,339 ERROR [4-layout/1971-1972/ordinaire1/033.txt]EXCEPT: PasDePageScrutinTrouvee 
2015-06-02 17:26:59,344 ERROR [4-layout/1971-1972/ordinaire1/027.txt]EXCEPT: PasDePageScrutinTrouvee 
2015-06-02 17:26:59,385 ERROR [4-layout/1971-1972/ordinaire1/079.txt]EXCEPT: PasDePageScrutinTrouvee 
2015-06-02 17:26:59,391 ERROR [4-layout/1971-1972/ordinaire1/022.txt]EXCEPT: PasDePageScrutinTrouvee 
2015-06-02 17:26:59,396 ERROR [4-layout/1971-1972/ordinaire1/098.txt]EXCEPT: PasDePageScrutinTrouvee 
2015-06-02 17:26:59,404 ERROR [4-layout/1971-1972/ordinaire1/086.txt]EXCEPT: PasDePageScrutinTrouvee 
2015-06-02 17:26:59,410 ERROR [4-layout/1971-1972/ordinaire1/034.txt]EXCEPT: PasDePageScrutinTrouvee 
2015-06-02 17:26:59,415 ERROR [4-layout/1971-1972/ordinaire1/016.txt]EXCEPT: PasDePageScrutinTrouvee 
2015-06-02 17:26:59,530 ERROR [4-layout/1971-1972/ordinaire1/039.txt]EXCEPT: PasDePageScrutinTrouvee 
2015-06-02 17:26:59,536 ERROR [4-layout/1971-1972/ordinaire1/041.txt]EXCEPT: PasDePageScrutinTrouvee 
2015-06-02 17:26:59,541 ERROR [4-layout/1971-1972/ordinaire1/088.txt]EXCEPT: PasDePageScrutinTrouvee 
2015-06-02 17:26:59,546 ERROR [4-layout/1971-1972/ordinaire1/008.txt]EXCEPT: PasDePageScrutinTrouvee 
2015-06-02 17:26:59,551 ERROR [4-layout/1969-1970/ordinaire2/043.txt]EXCEPT: PasDePageScrutinTrouvee 
2015-06-02 17:26:59,604 ERROR [4-layout/1969-1970/ordinaire2/054.txt]EXCEPT: PasDePageScrutinTrouvee 
2015-06-02 17:26:59,610 ERROR [4-layout/1969-1970/ordinaire2/015.txt]EXCEPT: PasDePageScrutinTrouvee 
2015-06-02 17:26:59,613 ERROR [4-layout/1969-1970/ordinaire2/018.txt]EXCEPT: PasDePageScrutinTrouvee 
2015-06-02 17:26:59,618 ERROR [4-layout/1969-1970/ordinaire2/057.txt]EXCEPT: PasDePageScrutinTrouvee 
2015-06-02 17:26:59,700 ERROR [4-layout/1969-1970/ordinaire2/026.txt]EXCEPT: PasDePageScrutinTrouvee 
2015-06-02 17:26:59,704 ERROR [4-layout/1969-1970/ordinaire2/059.txt]EXCEPT: PasDePageScrutinTrouvee 
2015-06-02 17:26:59,712 ERROR [4-layout/1969-1970/ordinaire2/030.txt]EXCEPT: PasDePageScrutinTrouvee 
2015-06-02 17:26:59,721 ERROR [4-layout/1969-1970/ordinaire2/029.txt]EXCEPT: PasDePageScrutinTrouvee 
2015-06-02 17:26:59,760 ERROR [4-layout/1969-1970/ordinaire2/002.txt]EXCEPT: PasDePageScrutinTrouvee 
2015-06-02 17:26:59,767 ERROR [4-layout/1969-1970/ordinaire2/060.txt]EXCEPT: PasDePageScrutinTrouvee 
2015-06-02 17:26:59,770 ERROR [4-layout/1969-1970/ordinaire2/050.txt]EXCEPT: PasDePageScrutinTrouvee 
2015-06-02 17:26:59,907 ERROR [4-layout/1969-1970/ordinaire2/014.txt]EXCEPT: PasDePageScrutinTrouvee 
2015-06-02 17:26:59,911 ERROR [4-layout/1969-1970/ordinaire2/055.txt]EXCEPT: PasDePageScrutinTrouvee 
2015-06-02 17:27:00,030 ERROR [4-layout/1969-1970/ordinaire2/021.txt]EXCEPT: PasDePageScrutinTrouvee 
2015-06-02 17:27:00,124 ERROR [4-layout/1969-1970/ordinaire2/017.txt]EXCEPT: PasDePageScrutinTrouvee 
2015-06-02 17:27:00,135 ERROR [4-layout/1969-1970/ordinaire2/005.txt]EXCEPT: PasDePageScrutinTrouvee 
2015-06-02 17:27:00,143 ERROR [4-layout/1969-1970/ordinaire2/025.txt]EXCEPT: PasDePageScrutinTrouvee 
2015-06-02 17:27:00,158 ERROR [4-layout/1969-1970/ordinaire2/068.txt]EXCEPT: PasDePageScrutinTrouvee 
2015-06-02 17:27:00,198 ERROR [4-layout/1969-1970/ordinaire2/042.txt]EXCEPT: PasDePageScrutinTrouvee 
2015-06-02 17:27:00,202 ERROR [4-layout/1969-1970/ordinaire2/070.txt]EXCEPT: PasDePageScrutinTrouvee 
2015-06-02 17:27:00,295 ERROR [4-layout/1969-1970/ordinaire2/006.txt]EXCEPT: PasDePageScrutinTrouvee 
2015-06-02 17:27:00,329 ERROR [4-layout/1969-1970/ordinaire2/009.txt]EXCEPT: PasDePageScrutinTrouvee 
2015-06-02 17:27:00,335 ERROR [4-layout/1969-1970/ordinaire2/075.txt]EXCEPT: PasDePageScrutinTrouvee 
2015-06-02 17:27:00,339 ERROR [4-layout/1969-1970/ordinaire2/071.txt]EXCEPT: PasDePageScrutinTrouvee 
2015-06-02 17:27:00,342 ERROR [4-layout/1969-1970/ordinaire2/049.txt]EXCEPT: PasDePageScrutinTrouvee 
2015-06-02 17:27:00,351 ERROR [4-layout/1969-1970/ordinaire2/011.txt]EXCEPT: PasDePageScrutinTrouvee 
2015-06-02 17:27:00,358 ERROR [4-layout/1969-1970/ordinaire2/024.txt]EXCEPT: PasDePageScrutinTrouvee 
2015-06-02 17:27:00,362 ERROR [4-layout/1969-1970/ordinaire2/069.txt]EXCEPT: PasDePageScrutinTrouvee 
2015-06-02 17:27:00,517 ERROR [4-layout/1969-1970/ordinaire2/037.txt]EXCEPT: PasDePageScrutinTrouvee 
2015-06-02 17:27:00,525 ERROR [4-layout/1969-1970/ordinaire2/023.txt]EXCEPT: PasDePageScrutinTrouvee 
2015-06-02 17:27:00,729 ERROR [4-layout/1969-1970/ordinaire2/056.txt]EXCEPT: PasDePageScrutinTrouvee 
2015-06-02 17:27:00,768 ERROR [4-layout/1969-1970/ordinaire2/058.txt]EXCEPT: PasDePageScrutinTrouvee 
2015-06-02 17:27:00,775 ERROR [4-layout/1969-1970/ordinaire2/001.txt]EXCEPT: PasDePageScrutinTrouvee 
2015-06-02 17:27:00,781 ERROR [4-layout/1969-1970/ordinaire2/077.txt]EXCEPT: PasDePageScrutinTrouvee 
2015-06-02 17:27:00,787 ERROR [4-layout/1969-1970/ordinaire2/012.txt]EXCEPT: PasDePageScrutinTrouvee 
2015-06-02 17:27:00,821 ERROR [4-layout/1969-1970/ordinaire2/067.txt]EXCEPT: PasDePageScrutinTrouvee 
2015-06-02 17:27:00,829 ERROR [4-layout/1969-1970/ordinaire2/003.txt]EXCEPT: PasDePageScrutinTrouvee 
2015-06-02 17:27:00,862 ERROR [4-layout/1969-1970/ordinaire2/010.txt]EXCEPT: PasDePageScrutinTrouvee 
2015-06-02 17:27:00,956 ERROR [4-layout/1969-1970/ordinaire2/028.txt]EXCEPT: PasDePageScrutinTrouvee 
2015-06-02 17:27:01,059 ERROR [4-layout/1969-1970/ordinaire2/007.txt]EXCEPT: PasDePageScrutinTrouvee 
2015-06-02 17:27:01,064 ERROR [4-layout/1969-1970/ordinaire2/038.txt]EXCEPT: PasDePageScrutinTrouvee 
2015-06-02 17:27:01,069 ERROR [4-layout/1969-1970/ordinaire2/033.txt]EXCEPT: PasDePageScrutinTrouvee 
2015-06-02 17:27:01,074 ERROR [4-layout/1969-1970/ordinaire2/027.txt]EXCEPT: PasDePageScrutinTrouvee 
2015-06-02 17:27:01,079 ERROR [4-layout/1969-1970/ordinaire2/053.txt]EXCEPT: PasDePageScrutinTrouvee 
2015-06-02 17:27:01,092 ERROR [4-layout/1969-1970/ordinaire2/022.txt]EXCEPT: PasDePageScrutinTrouvee 
2015-06-02 17:27:01,102 ERROR [4-layout/1969-1970/ordinaire2/048.txt]EXCEPT: PasDePageScrutinTrouvee 
2015-06-02 17:27:01,191 ERROR [4-layout/1969-1970/ordinaire2/034.txt]EXCEPT: PasDePageScrutinTrouvee 
2015-06-02 17:27:01,198 ERROR [4-layout/1969-1970/ordinaire2/016.txt]EXCEPT: PasDePageScrutinTrouvee 
2015-06-02 17:27:01,206 ERROR [4-layout/1969-1970/ordinaire2/039.txt]EXCEPT: PasDePageScrutinTrouvee 
2015-06-02 17:27:01,213 ERROR [4-layout/1969-1970/ordinaire2/041.txt]EXCEPT: PasDePageScrutinTrouvee 
2015-06-02 17:27:01,252 ERROR [4-layout/1969-1970/ordinaire2/062.txt]EXCEPT: PasDePageScrutinTrouvee 
2015-06-02 17:27:01,257 ERROR [4-layout/1969-1970/ordinaire2/008.txt]EXCEPT: PasDePageScrutinTrouvee 
2015-06-02 17:27:01,263 ERROR [4-layout/1969-1970/ordinaire1/078.txt]EXCEPT: PasDePageScrutinTrouvee 
2015-06-02 17:27:01,268 ERROR [4-layout/1969-1970/ordinaire1/043.txt]EXCEPT: PasDePageScrutinTrouvee 
2015-06-02 17:27:01,272 ERROR [4-layout/1969-1970/ordinaire1/063.txt]EXCEPT: PasDePageScrutinTrouvee 
2015-06-02 17:27:01,303 ERROR [4-layout/1969-1970/ordinaire1/054.txt]EXCEPT: PasDePageScrutinTrouvee 
2015-06-02 17:27:01,310 ERROR [4-layout/1969-1970/ordinaire1/015.txt]EXCEPT: PasDePageScrutinTrouvee 
2015-06-02 17:27:01,359 ERROR [4-layout/1969-1970/ordinaire1/057.txt]EXCEPT: PasDePageScrutinTrouvee 
2015-06-02 17:27:01,365 ERROR [4-layout/1969-1970/ordinaire1/040.txt]EXCEPT: PasDePageScrutinTrouvee 
2015-06-02 17:27:01,370 ERROR [4-layout/1969-1970/ordinaire1/051.txt]EXCEPT: PasDePageScrutinTrouvee 
2015-06-02 17:27:01,374 ERROR [4-layout/1969-1970/ordinaire1/047.txt]EXCEPT: PasDePageScrutinTrouvee 
2015-06-02 17:27:01,412 ERROR [4-layout/1969-1970/ordinaire1/026.txt]EXCEPT: PasDePageScrutinTrouvee 
2015-06-02 17:27:01,416 ERROR [4-layout/1969-1970/ordinaire1/059.txt]EXCEPT: PasDePageScrutinTrouvee 
2015-06-02 17:27:01,422 ERROR [4-layout/1969-1970/ordinaire1/030.txt]EXCEPT: PasDePageScrutinTrouvee 
2015-06-02 17:27:01,426 ERROR [4-layout/1969-1970/ordinaire1/029.txt]EXCEPT: PasDePageScrutinTrouvee 
2015-06-02 17:27:01,433 ERROR [4-layout/1969-1970/ordinaire1/019.txt]EXCEPT: PasDePageScrutinTrouvee 
2015-06-02 17:27:01,441 ERROR [4-layout/1969-1970/ordinaire1/002.txt]EXCEPT: PasDePageScrutinTrouvee 
2015-06-02 17:27:01,446 ERROR [4-layout/1969-1970/ordinaire1/060.txt]EXCEPT: PasDePageScrutinTrouvee 
2015-06-02 17:27:01,451 ERROR [4-layout/1969-1970/ordinaire1/050.txt]EXCEPT: PasDePageScrutinTrouvee 
2015-06-02 17:27:01,461 ERROR [4-layout/1969-1970/ordinaire1/074.txt]EXCEPT: PasDePageScrutinTrouvee 
2015-06-02 17:27:01,533 ERROR [4-layout/1969-1970/ordinaire1/014.txt]EXCEPT: PasDePageScrutinTrouvee 
2015-06-02 17:27:01,540 ERROR [4-layout/1969-1970/ordinaire1/055.txt]EXCEPT: PasDePageScrutinTrouvee 
2015-06-02 17:27:01,544 ERROR [4-layout/1969-1970/ordinaire1/083.txt]EXCEPT: PasDePageScrutinTrouvee 
2015-06-02 17:27:01,582 ERROR [4-layout/1969-1970/ordinaire1/021.txt]EXCEPT: PasDePageScrutinTrouvee 
2015-06-02 17:27:01,590 ERROR [4-layout/1969-1970/ordinaire1/045.txt]EXCEPT: PasDePageScrutinTrouvee 
2015-06-02 17:27:01,596 ERROR [4-layout/1969-1970/ordinaire1/017.txt]EXCEPT: PasDePageScrutinTrouvee 
2015-06-02 17:27:01,643 ERROR [4-layout/1969-1970/ordinaire1/005.txt]EXCEPT: PasDePageScrutinTrouvee 
2015-06-02 17:27:01,721 ERROR [4-layout/1969-1970/ordinaire1/068.txt]EXCEPT: PasDePageScrutinTrouvee 
2015-06-02 17:27:01,727 ERROR [4-layout/1969-1970/ordinaire1/035.txt]EXCEPT: PasDePageScrutinTrouvee 
2015-06-02 17:27:01,733 ERROR [4-layout/1969-1970/ordinaire1/042.txt]EXCEPT: PasDePageScrutinTrouvee 
2015-06-02 17:27:01,831 ERROR [4-layout/1969-1970/ordinaire1/004.txt]EXCEPT: PasDePageScrutinTrouvee 
2015-06-02 17:27:01,898 ERROR [4-layout/1969-1970/ordinaire1/031.txt]EXCEPT: PasDePageScrutinTrouvee 
2015-06-02 17:27:01,938 ERROR [4-layout/1969-1970/ordinaire1/009.txt]EXCEPT: PasDePageScrutinTrouvee 
2015-06-02 17:27:01,977 ERROR [4-layout/1969-1970/ordinaire1/071.txt]EXCEPT: PasDePageScrutinTrouvee 
2015-06-02 17:27:01,980 ERROR [4-layout/1969-1970/ordinaire1/087.txt]EXCEPT: PasDePageScrutinTrouvee 
2015-06-02 17:27:01,984 ERROR [4-layout/1969-1970/ordinaire1/091.txt]EXCEPT: PasDePageScrutinTrouvee 
2015-06-02 17:27:02,065 ERROR [4-layout/1969-1970/ordinaire1/011.txt]EXCEPT: PasDePageScrutinTrouvee 
2015-06-02 17:27:02,069 ERROR [4-layout/1969-1970/ordinaire1/024.txt]EXCEPT: PasDePageScrutinTrouvee 
2015-06-02 17:27:02,073 ERROR [4-layout/1969-1970/ordinaire1/069.txt]EXCEPT: PasDePageScrutinTrouvee 
2015-06-02 17:27:02,138 ERROR [4-layout/1969-1970/ordinaire1/037.txt]EXCEPT: PasDePageScrutinTrouvee 
2015-06-02 17:27:02,143 ERROR [4-layout/1969-1970/ordinaire1/023.txt]EXCEPT: PasDePageScrutinTrouvee 
2015-06-02 17:27:02,148 ERROR [4-layout/1969-1970/ordinaire1/032.txt]EXCEPT: PasDePageScrutinTrouvee 
2015-06-02 17:27:02,221 ERROR [4-layout/1969-1970/ordinaire1/056.txt]EXCEPT: PasDePageScrutinTrouvee 
2015-06-02 17:27:02,376 ERROR [4-layout/1969-1970/ordinaire1/001.txt]EXCEPT: PasDePageScrutinTrouvee 
2015-06-02 17:27:02,389 ERROR [4-layout/1969-1970/ordinaire1/077.txt]EXCEPT: PasDePageScrutinTrouvee 
2015-06-02 17:27:02,597 ERROR [4-layout/1969-1970/ordinaire1/003.txt]EXCEPT: PasDePageScrutinTrouvee 
2015-06-02 17:27:02,735 ERROR [4-layout/1969-1970/ordinaire1/010.txt]EXCEPT: PasDePageScrutinTrouvee 
2015-06-02 17:27:02,739 ERROR [4-layout/1969-1970/ordinaire1/072.txt]EXCEPT: PasDePageScrutinTrouvee 
2015-06-02 17:27:02,743 ERROR [4-layout/1969-1970/ordinaire1/028.txt]EXCEPT: PasDePageScrutinTrouvee 
2015-06-02 17:27:02,751 ERROR [4-layout/1969-1970/ordinaire1/036.txt]EXCEPT: PasDePageScrutinTrouvee 
2015-06-02 17:27:02,817 ERROR [4-layout/1969-1970/ordinaire1/007.txt]EXCEPT: PasDePageScrutinTrouvee 
2015-06-02 17:27:02,820 ERROR [4-layout/1969-1970/ordinaire1/038.txt]EXCEPT: PasDePageScrutinTrouvee 
2015-06-02 17:27:02,828 ERROR [4-layout/1969-1970/ordinaire1/033.txt]EXCEPT: PasDePageScrutinTrouvee 
2015-06-02 17:27:02,834 ERROR [4-layout/1969-1970/ordinaire1/027.txt]EXCEPT: PasDePageScrutinTrouvee 
2015-06-02 17:27:02,864 ERROR [4-layout/1969-1970/ordinaire1/053.txt]EXCEPT: PasDePageScrutinTrouvee 
2015-06-02 17:27:02,912 ERROR [4-layout/1969-1970/ordinaire1/022.txt]EXCEPT: PasDePageScrutinTrouvee 
2015-06-02 17:27:02,917 ERROR [4-layout/1969-1970/ordinaire1/048.txt]EXCEPT: PasDePageScrutinTrouvee 
2015-06-02 17:27:03,017 ERROR [4-layout/1969-1970/ordinaire1/064.txt]EXCEPT: PasDePageScrutinTrouvee 
2015-06-02 17:27:03,022 ERROR [4-layout/1969-1970/ordinaire1/034.txt]EXCEPT: PasDePageScrutinTrouvee 
2015-06-02 17:27:03,026 ERROR [4-layout/1969-1970/ordinaire1/016.txt]EXCEPT: PasDePageScrutinTrouvee 
2015-06-02 17:27:03,041 ERROR [4-layout/1969-1970/ordinaire1/082.txt]EXCEPT: PasDePageScrutinTrouvee 
2015-06-02 17:27:03,046 ERROR [4-layout/1969-1970/ordinaire1/039.txt]EXCEPT: PasDePageScrutinTrouvee 
2015-06-02 17:27:03,052 ERROR [4-layout/1969-1970/ordinaire1/041.txt]EXCEPT: PasDePageScrutinTrouvee 
2015-06-02 17:27:03,064 ERROR [4-layout/1969-1970/ordinaire1/061.txt]EXCEPT: PasDePageScrutinTrouvee 
2015-06-02 17:27:03,069 ERROR [4-layout/1969-1970/ordinaire1/062.txt]EXCEPT: PasDePageScrutinTrouvee 
2015-06-02 17:27:03,074 ERROR [4-layout/1969-1970/ordinaire1/088.txt]EXCEPT: PasDePageScrutinTrouvee 
2015-06-02 17:27:03,079 ERROR [4-layout/1969-1970/ordinaire1/008.txt]EXCEPT: PasDePageScrutinTrouvee 
