2015-08-30 22:14:18,399 ERROR --- LISTE DES SCRUTINS AYANT UN NUMERO COMMUN AVEC UN AUTRE --- 
2015-08-30 23:30:02,699 ERROR --- LISTE DES SCRUTINS AYANT UN NUMERO COMMUN AVEC UN AUTRE --- 
2015-08-30 23:30:02,701 ERROR DOUBLON num = 80 | inconnu | 1-reconstitues/1959-1960/ordinaire2/019.txt
2015-08-30 23:30:02,704 ERROR DOUBLON num = 80 | inconnu | 1-reconstitues/1959-1960/ordinaire1/065.txt
2015-08-30 23:30:02,707 ERROR DOUBLON num = UNKNOW | inconnu | 1-reconstitues/1959-1960/ordinaire2/021.txt
2015-08-30 23:30:02,709 ERROR DOUBLON num = UNKNOW | inconnu | 1-reconstitues/1959-1960/ordinaire2/058.txt
2015-08-30 23:30:02,712 ERROR DOUBLON num = UNKNOW | inconnu | 1-reconstitues/1959-1960/ordinaire2/064.txt
2015-08-30 23:30:02,714 ERROR DOUBLON num = UNKNOW | inconnu | 1-reconstitues/1959-1960/ordinaire1/074.txt
2015-08-30 23:30:02,717 ERROR DOUBLON num = UNKNOW | inconnu | 1-reconstitues/1959-1960/ordinaire1/020.txt
2015-08-30 23:30:02,719 ERROR DOUBLON num = UNKNOW | inconnu | 1-reconstitues/1959-1960/ordinaire1/058.txt
2015-08-30 23:30:02,722 ERROR DOUBLON num = UNKNOW | inconnu | 1-reconstitues/1960-1961/droit/042.txt
2015-08-30 23:30:02,725 ERROR DOUBLON num = UNKNOW | inconnu | 1-reconstitues/1960-1961/ordinaire1/065.txt
2015-08-30 23:30:02,727 ERROR DOUBLON num = UNKNOW | inconnu | 1-reconstitues/1960-1961/ordinaire1/041.txt
2015-08-30 23:30:02,730 ERROR DOUBLON num = UNKNOW | inconnu | 1-reconstitues/1961-1962/ordinaire2/005.txt
2015-08-30 23:30:02,734 ERROR DOUBLON num = UNKNOW | inconnu | 1-reconstitues/1961-1962/ordinaire1/079.txt
2015-08-30 23:30:02,736 ERROR DOUBLON num = UNKNOW | inconnu | 1-reconstitues/1958-1959/extraordinaire1/004.txt
2015-08-30 23:30:02,739 ERROR DOUBLON num = UNKNOW | inconnu | 1-reconstitues/1958-1959/ordinaire1/017.txt
2015-08-30 23:30:02,741 ERROR DOUBLON num = UNKNOW | inconnu | 1-reconstitues/1958-1959/ordinaire1/039.txt
2015-08-30 23:30:02,744 ERROR DOUBLON num = 1 | inconnu | 1-reconstitues/1959-1960/ordinaire2/049.txt
2015-08-30 23:30:02,747 ERROR DOUBLON num = 1 | inconnu | 1-reconstitues/1959-1960/ordinaire2/067.txt
2015-08-30 23:30:02,749 ERROR DOUBLON num = 1 | inconnu | 1-reconstitues/1959-1960/ordinaire2/067.txt
2015-08-30 23:30:02,752 ERROR DOUBLON num = 1 | inconnu | 1-reconstitues/1958-1959/ordinaire1/002.txt
2015-08-30 23:30:02,755 ERROR DOUBLON num = 66 | inconnu | 1-reconstitues/1959-1960/ordinaire1/054.txt
2015-08-30 23:30:02,757 ERROR DOUBLON num = 66 | inconnu | 1-reconstitues/1959-1960/ordinaire1/071.txt
2015-08-30 23:30:02,760 ERROR DOUBLON num = 44 | inconnu | 1-reconstitues/1959-1960/ordinaire1/018.txt
2015-08-30 23:30:02,763 ERROR DOUBLON num = 44 | inconnu | 1-reconstitues/1959-1960/ordinaire1/018.txt
2015-08-30 23:30:02,765 ERROR DOUBLON num = 45 | inconnu | 1-reconstitues/1959-1960/ordinaire1/018.txt
2015-08-30 23:30:02,768 ERROR DOUBLON num = 45 | inconnu | 1-reconstitues/1959-1960/ordinaire1/018.txt
2015-08-30 23:30:02,771 ERROR DOUBLON num = 46 | inconnu | 1-reconstitues/1959-1960/ordinaire1/018.txt
2015-08-30 23:30:02,774 ERROR DOUBLON num = 46 | inconnu | 1-reconstitues/1959-1960/ordinaire1/018.txt
2015-08-30 23:30:02,776 ERROR DOUBLON num = 4 | inconnu | 1-reconstitues/1959-1960/ordinaire1/074.txt
2015-08-30 23:30:02,779 ERROR DOUBLON num = 4 | inconnu | 1-reconstitues/1958-1959/extraordinaire1/006.txt
2015-08-30 23:30:02,782 ERROR DOUBLON num = 64 | inconnu | 1-reconstitues/1959-1960/ordinaire1/052.txt
2015-08-30 23:30:02,785 ERROR DOUBLON num = 64 | inconnu | 1-reconstitues/1959-1960/ordinaire1/052.txt
2015-08-30 23:30:02,787 ERROR DOUBLON num = 84 | inconnu | 1-reconstitues/1959-1960/ordinaire1/070.txt
2015-08-30 23:30:02,790 ERROR DOUBLON num = 84 | inconnu | 1-reconstitues/1959-1960/ordinaire1/070.txt
2015-08-30 23:30:02,793 ERROR DOUBLON num = 148 | inconnu | 1-reconstitues/1960-1961/droit/044.txt
2015-08-30 23:30:02,796 ERROR DOUBLON num = 148 | inconnu | 1-reconstitues/1960-1961/droit/042.txt
2015-08-30 23:30:02,798 ERROR DOUBLON num = 189 | inconnu | 1-reconstitues/1961-1962/ordinaire2/046.txt
2015-08-30 23:30:02,801 ERROR DOUBLON num = 189 | inconnu | 1-reconstitues/1961-1962/ordinaire1/064.txt
2015-08-30 23:30:02,804 ERROR DOUBLON num = 160 | inconnu | 1-reconstitues/1961-1962/ordinaire1/045.txt
2015-08-30 23:30:02,807 ERROR DOUBLON num = 160 | inconnu | 1-reconstitues/1961-1962/ordinaire1/045.txt
2015-08-30 23:30:02,809 ERROR DOUBLON num = 179 | inconnu | 1-reconstitues/1961-1962/ordinaire1/079.txt
2015-08-30 23:30:02,812 ERROR DOUBLON num = 179 | inconnu | 1-reconstitues/1961-1962/ordinaire1/079.txt
2015-08-30 23:30:02,815 ERROR DOUBLON num = 16 | inconnu | 1-reconstitues/1958-1959/ordinaire1/011.txt
2015-08-30 23:30:02,818 ERROR DOUBLON num = 16 | inconnu | 1-reconstitues/1958-1959/ordinaire1/012.txt
2015-08-30 23:30:02,820 ERROR DOUBLON num = 18 | inconnu | 1-reconstitues/1958-1959/ordinaire1/012.txt
2015-08-30 23:30:02,823 ERROR DOUBLON num = 18 | inconnu | 1-reconstitues/1958-1959/ordinaire1/013.txt
2015-08-30 23:30:02,826 ERROR DOUBLON num = 34 | inconnu | 1-reconstitues/1958-1959/ordinaire1/041.txt
2015-08-30 23:30:02,828 ERROR DOUBLON num = 34 | inconnu | 1-reconstitues/1958-1959/ordinaire1/041.txt
2015-08-30 23:47:27,792 ERROR --- LISTE DES SCRUTINS AYANT UN NUMERO COMMUN AVEC UN AUTRE --- 
2015-08-30 23:47:27,795 ERROR DOUBLON num = 27 | inconnu | 2-reconstitues/1962-1963/extraordinaire1/055.txt
2015-08-30 23:47:27,798 ERROR DOUBLON num = 27 | inconnu | 2-reconstitues/1966-1967/ordinaire1/006.txt
2015-08-30 23:47:27,801 ERROR DOUBLON num = 7 | inconnu | 2-reconstitues/1962-1963/extraordinaire1/005.txt
2015-08-30 23:47:27,803 ERROR DOUBLON num = 7 | inconnu | 2-reconstitues/1963-1964/ordinaire1/006.txt
2015-08-30 23:47:27,806 ERROR DOUBLON num = UNKNOW | inconnu | 2-reconstitues/1962-1963/extraordinaire1/006.txt
2015-08-30 23:47:27,808 ERROR DOUBLON num = UNKNOW | inconnu | 2-reconstitues/1962-1963/ordinaire2/043.txt
2015-08-30 23:47:27,811 ERROR DOUBLON num = UNKNOW | inconnu | 2-reconstitues/1962-1963/ordinaire2/054.txt
2015-08-30 23:47:27,814 ERROR DOUBLON num = UNKNOW | inconnu | 2-reconstitues/1962-1963/ordinaire2/005.txt
2015-08-30 23:47:27,817 ERROR DOUBLON num = UNKNOW | inconnu | 2-reconstitues/1962-1963/ordinaire2/023.txt
2015-08-30 23:47:27,819 ERROR DOUBLON num = UNKNOW | inconnu | 2-reconstitues/1962-1963/ordinaire2/058.txt
2015-08-30 23:47:27,822 ERROR DOUBLON num = UNKNOW | inconnu | 2-reconstitues/1962-1963/ordinaire2/028.txt
2015-08-30 23:47:27,824 ERROR DOUBLON num = UNKNOW | inconnu | 2-reconstitues/1966-1967/ordinaire1/080.txt
2015-08-30 23:47:27,827 ERROR DOUBLON num = UNKNOW | inconnu | 2-reconstitues/1963-1964/ordinaire2/043.txt
2015-08-30 23:47:27,830 ERROR DOUBLON num = UNKNOW | inconnu | 2-reconstitues/1963-1964/ordinaire2/025.txt
2015-08-30 23:47:27,832 ERROR DOUBLON num = UNKNOW | inconnu | 2-reconstitues/1963-1964/ordinaire1/006.txt
2015-08-30 23:47:27,835 ERROR DOUBLON num = 22 | inconnu | 2-reconstitues/1962-1963/extraordinaire1/046.txt
2015-08-30 23:47:27,837 ERROR DOUBLON num = 22 | inconnu | 2-reconstitues/1965-1966/ordinaire1/006.txt
2015-08-30 23:47:27,840 ERROR DOUBLON num = 4 | inconnu | 2-reconstitues/1962-1963/extraordinaire1/003.txt
2015-08-30 23:47:27,843 ERROR DOUBLON num = 4 | inconnu | 2-reconstitues/1962-1963/ordinaire2/060.txt
2015-08-30 23:47:27,846 ERROR DOUBLON num = 30 | inconnu | 2-reconstitues/1962-1963/ordinaire2/014.txt
2015-08-30 23:47:27,848 ERROR DOUBLON num = 30 | inconnu | 2-reconstitues/1962-1963/ordinaire2/014.txt
2015-08-30 23:47:27,851 ERROR DOUBLON num = 31 | inconnu | 2-reconstitues/1962-1963/ordinaire2/014.txt
2015-08-30 23:47:27,854 ERROR DOUBLON num = 31 | inconnu | 2-reconstitues/1962-1963/ordinaire2/014.txt
2015-08-30 23:47:27,856 ERROR DOUBLON num = 32 | inconnu | 2-reconstitues/1962-1963/ordinaire2/014.txt
2015-08-30 23:47:27,859 ERROR DOUBLON num = 32 | inconnu | 2-reconstitues/1962-1963/ordinaire2/014.txt
2015-08-30 23:47:27,861 ERROR DOUBLON num = 33 | inconnu | 2-reconstitues/1962-1963/ordinaire2/014.txt
2015-08-30 23:47:27,864 ERROR DOUBLON num = 33 | inconnu | 2-reconstitues/1962-1963/ordinaire2/014.txt
2015-08-30 23:47:27,867 ERROR DOUBLON num = 295 | inconnu | 2-reconstitues/1966-1967/ordinaire1/058.txt
2015-08-30 23:47:27,869 ERROR DOUBLON num = 295 | inconnu | 2-reconstitues/1964-1965/ordinaire2/040.txt
2015-08-30 23:47:27,873 ERROR DOUBLON num = 98 | inconnu | 2-reconstitues/1963-1964/ordinaire2/030.txt
2015-08-30 23:47:27,875 ERROR DOUBLON num = 98 | inconnu | 2-reconstitues/1963-1964/ordinaire2/030.txt
2015-08-30 23:47:27,878 ERROR DOUBLON num = 84 | inconnu | 2-reconstitues/1963-1964/ordinaire2/003.txt
2015-08-30 23:47:27,881 ERROR DOUBLON num = 84 | inconnu | 2-reconstitues/1963-1964/ordinaire1/038.txt
2015-08-30 23:47:27,883 ERROR DOUBLON num = 130 | inconnu | 2-reconstitues/1963-1964/ordinaire2/041.txt
2015-08-30 23:47:27,886 ERROR DOUBLON num = 130 | inconnu | 2-reconstitues/1963-1964/ordinaire2/062.txt
2015-08-31 00:11:45,468 ERROR --- LISTE DES SCRUTINS AYANT UN NUMERO COMMUN AVEC UN AUTRE --- 
2015-08-31 00:11:45,471 ERROR DOUBLON num = 80 | inconnu | 1-reconstitues/1959-1960/ordinaire2/019.txt
2015-08-31 00:11:45,474 ERROR DOUBLON num = 80 | inconnu | 1-reconstitues/1959-1960/ordinaire1/065.txt
2015-08-31 00:11:45,476 ERROR DOUBLON num = 82 | inconnu | 1-reconstitues/1959-1960/ordinaire2/021.txt
2015-08-31 00:11:45,480 ERROR DOUBLON num = 82 | inconnu | 1-reconstitues/1959-1960/ordinaire2/021.txt
2015-08-31 00:11:45,482 ERROR DOUBLON num = 83 | inconnu | 1-reconstitues/1959-1960/ordinaire2/021.txt
2015-08-31 00:11:45,485 ERROR DOUBLON num = 83 | inconnu | 1-reconstitues/1959-1960/ordinaire2/021.txt
2015-08-31 00:11:45,488 ERROR DOUBLON num = 84 | inconnu | 1-reconstitues/1959-1960/ordinaire2/021.txt
2015-08-31 00:11:45,490 ERROR DOUBLON num = 84 | inconnu | 1-reconstitues/1959-1960/ordinaire1/070.txt
2015-08-31 00:11:45,493 ERROR DOUBLON num = 86 | inconnu | 1-reconstitues/1959-1960/ordinaire2/021.txt
2015-08-31 00:11:45,496 ERROR DOUBLON num = 86 | inconnu | 1-reconstitues/1959-1960/ordinaire2/021.txt
2015-08-31 00:11:45,498 ERROR DOUBLON num = UNKNOW | inconnu | 1-reconstitues/1959-1960/ordinaire2/021.txt
2015-08-31 00:11:45,501 ERROR DOUBLON num = UNKNOW | inconnu | 1-reconstitues/1959-1960/ordinaire2/058.txt
2015-08-31 00:11:45,504 ERROR DOUBLON num = UNKNOW | inconnu | 1-reconstitues/1959-1960/ordinaire2/064.txt
2015-08-31 00:11:45,507 ERROR DOUBLON num = UNKNOW | inconnu | 1-reconstitues/1959-1960/ordinaire1/020.txt
2015-08-31 00:11:45,509 ERROR DOUBLON num = UNKNOW | inconnu | 1-reconstitues/1959-1960/ordinaire1/058.txt
2015-08-31 00:11:45,512 ERROR DOUBLON num = UNKNOW | inconnu | 1-reconstitues/1960-1961/ordinaire1/065.txt
2015-08-31 00:11:45,515 ERROR DOUBLON num = UNKNOW | inconnu | 1-reconstitues/1960-1961/ordinaire1/041.txt
2015-08-31 00:11:45,518 ERROR DOUBLON num = UNKNOW | inconnu | 1-reconstitues/1961-1962/ordinaire2/005.txt
2015-08-31 00:11:45,521 ERROR DOUBLON num = UNKNOW | inconnu | 1-reconstitues/1958-1959/extraordinaire1/004.txt
2015-08-31 00:11:45,523 ERROR DOUBLON num = UNKNOW | inconnu | 1-reconstitues/1958-1959/ordinaire1/017.txt
2015-08-31 00:11:45,526 ERROR DOUBLON num = UNKNOW | inconnu | 1-reconstitues/1958-1959/ordinaire1/039.txt
2015-08-31 00:11:45,529 ERROR DOUBLON num = 1 | inconnu | 1-reconstitues/1959-1960/ordinaire2/049.txt
2015-08-31 00:11:45,531 ERROR DOUBLON num = 1 | inconnu | 1-reconstitues/1959-1960/ordinaire2/067.txt
2015-08-31 00:11:45,534 ERROR DOUBLON num = 1 | inconnu | 1-reconstitues/1958-1959/extraordinaire1/004.txt
2015-08-31 00:11:45,537 ERROR DOUBLON num = 1 | inconnu | 1-reconstitues/1958-1959/ordinaire1/002.txt
2015-08-31 00:11:45,540 ERROR DOUBLON num = 9 | inconnu | 1-reconstitues/1959-1960/ordinaire2/024.txt
2015-08-31 00:11:45,542 ERROR DOUBLON num = 9 | inconnu | 1-reconstitues/1958-1959/ordinaire1/002.txt
2015-08-31 00:11:45,545 ERROR DOUBLON num = 97 | inconnu | 1-reconstitues/1959-1960/ordinaire2/058.txt
2015-08-31 00:11:45,548 ERROR DOUBLON num = 97 | inconnu | 1-reconstitues/1959-1960/ordinaire2/058.txt
2015-08-31 00:11:45,551 ERROR DOUBLON num = 187 | inconnu | 1-reconstitues/1959-1960/ordinaire2/067.txt
2015-08-31 00:11:45,553 ERROR DOUBLON num = 187 | inconnu | 1-reconstitues/1959-1960/ordinaire2/067.txt
2015-08-31 00:11:45,556 ERROR DOUBLON num = 186 | inconnu | 1-reconstitues/1959-1960/ordinaire2/067.txt
2015-08-31 00:11:45,559 ERROR DOUBLON num = 186 | inconnu | 1-reconstitues/1961-1962/ordinaire2/019.txt
2015-08-31 00:11:45,562 ERROR DOUBLON num = 102 | inconnu | 1-reconstitues/1959-1960/ordinaire2/064.txt
2015-08-31 00:11:45,565 ERROR DOUBLON num = 102 | inconnu | 1-reconstitues/1959-1960/ordinaire2/064.txt
2015-08-31 00:11:45,567 ERROR DOUBLON num = 55 | inconnu | 1-reconstitues/1959-1960/ordinaire1/054.txt
2015-08-31 00:11:45,571 ERROR DOUBLON num = 55 | inconnu | 1-reconstitues/1959-1960/ordinaire1/054.txt
2015-08-31 00:11:45,574 ERROR DOUBLON num = 66 | inconnu | 1-reconstitues/1959-1960/ordinaire1/054.txt
2015-08-31 00:11:45,576 ERROR DOUBLON num = 66 | inconnu | 1-reconstitues/1959-1960/ordinaire1/071.txt
2015-08-31 00:11:45,579 ERROR DOUBLON num = 44 | inconnu | 1-reconstitues/1959-1960/ordinaire1/018.txt
2015-08-31 00:11:45,582 ERROR DOUBLON num = 44 | inconnu | 1-reconstitues/1959-1960/ordinaire1/018.txt
2015-08-31 00:11:45,585 ERROR DOUBLON num = 45 | inconnu | 1-reconstitues/1959-1960/ordinaire1/018.txt
2015-08-31 00:11:45,587 ERROR DOUBLON num = 45 | inconnu | 1-reconstitues/1959-1960/ordinaire1/018.txt
2015-08-31 00:11:45,590 ERROR DOUBLON num = 46 | inconnu | 1-reconstitues/1959-1960/ordinaire1/018.txt
2015-08-31 00:11:45,593 ERROR DOUBLON num = 46 | inconnu | 1-reconstitues/1959-1960/ordinaire1/018.txt
2015-08-31 00:11:45,596 ERROR DOUBLON num = 67 | inconnu | 1-reconstitues/1959-1960/ordinaire1/074.txt
2015-08-31 00:11:45,598 ERROR DOUBLON num = 67 | inconnu | 1-reconstitues/1959-1960/ordinaire1/074.txt
2015-08-31 00:11:45,601 ERROR DOUBLON num = 68 | inconnu | 1-reconstitues/1959-1960/ordinaire1/074.txt
2015-08-31 00:11:45,604 ERROR DOUBLON num = 68 | inconnu | 1-reconstitues/1959-1960/ordinaire1/074.txt
2015-08-31 00:11:45,607 ERROR DOUBLON num = 68 | inconnu | 1-reconstitues/1959-1960/ordinaire1/073.txt
2015-08-31 00:11:45,610 ERROR DOUBLON num = 64 | inconnu | 1-reconstitues/1959-1960/ordinaire1/052.txt
2015-08-31 00:11:45,612 ERROR DOUBLON num = 64 | inconnu | 1-reconstitues/1959-1960/ordinaire1/070.txt
2015-08-31 00:11:45,615 ERROR DOUBLON num = 144 | inconnu | 1-reconstitues/1960-1961/droit/042.txt
2015-08-31 00:11:45,618 ERROR DOUBLON num = 144 | inconnu | 1-reconstitues/1960-1961/droit/042.txt
2015-08-31 00:11:45,621 ERROR DOUBLON num = 145 | inconnu | 1-reconstitues/1960-1961/droit/042.txt
2015-08-31 00:11:45,624 ERROR DOUBLON num = 145 | inconnu | 1-reconstitues/1960-1961/droit/042.txt
2015-08-31 00:11:45,626 ERROR DOUBLON num = 146 | inconnu | 1-reconstitues/1960-1961/droit/042.txt
2015-08-31 00:11:45,629 ERROR DOUBLON num = 146 | inconnu | 1-reconstitues/1960-1961/droit/042.txt
2015-08-31 00:11:45,632 ERROR DOUBLON num = 189 | inconnu | 1-reconstitues/1961-1962/ordinaire2/046.txt
2015-08-31 00:11:45,635 ERROR DOUBLON num = 189 | inconnu | 1-reconstitues/1961-1962/ordinaire1/064.txt
2015-08-31 00:11:45,637 ERROR DOUBLON num = 160 | inconnu | 1-reconstitues/1961-1962/ordinaire1/045.txt
2015-08-31 00:11:45,640 ERROR DOUBLON num = 160 | inconnu | 1-reconstitues/1961-1962/ordinaire1/045.txt
2015-08-31 00:11:45,643 ERROR DOUBLON num = 178 | inconnu | 1-reconstitues/1961-1962/ordinaire1/071.txt
2015-08-31 00:11:45,646 ERROR DOUBLON num = 178 | inconnu | 1-reconstitues/1961-1962/ordinaire1/079.txt
2015-08-31 00:11:45,649 ERROR DOUBLON num = 179 | inconnu | 1-reconstitues/1961-1962/ordinaire1/079.txt
2015-08-31 00:11:45,651 ERROR DOUBLON num = 179 | inconnu | 1-reconstitues/1961-1962/ordinaire1/079.txt
2015-08-31 00:11:45,654 ERROR DOUBLON num = 179 | inconnu | 1-reconstitues/1961-1962/ordinaire1/079.txt
2015-08-31 00:11:45,657 ERROR DOUBLON num = 180 | inconnu | 1-reconstitues/1961-1962/ordinaire1/079.txt
2015-08-31 00:11:45,660 ERROR DOUBLON num = 180 | inconnu | 1-reconstitues/1961-1962/ordinaire1/079.txt
2015-08-31 00:11:45,662 ERROR DOUBLON num = 181 | inconnu | 1-reconstitues/1961-1962/ordinaire1/079.txt
2015-08-31 00:11:45,665 ERROR DOUBLON num = 181 | inconnu | 1-reconstitues/1961-1962/ordinaire1/079.txt
2015-08-31 00:11:45,668 ERROR DOUBLON num = 170 | inconnu | 1-reconstitues/1961-1962/ordinaire1/064.txt
2015-08-31 00:11:45,671 ERROR DOUBLON num = 170 | inconnu | 1-reconstitues/1961-1962/ordinaire1/064.txt
2015-08-31 00:11:45,673 ERROR DOUBLON num = 24 | inconnu | 1-reconstitues/1958-1959/ordinaire1/017.txt
2015-08-31 00:11:45,676 ERROR DOUBLON num = 24 | inconnu | 1-reconstitues/1958-1959/ordinaire1/017.txt
2015-08-31 00:11:45,679 ERROR DOUBLON num = 26 | inconnu | 1-reconstitues/1958-1959/ordinaire1/017.txt
2015-08-31 00:11:45,682 ERROR DOUBLON num = 26 | inconnu | 1-reconstitues/1958-1959/ordinaire1/017.txt
2015-08-31 00:11:45,685 ERROR DOUBLON num = 27 | inconnu | 1-reconstitues/1958-1959/ordinaire1/017.txt
2015-08-31 00:11:45,688 ERROR DOUBLON num = 27 | inconnu | 1-reconstitues/1958-1959/ordinaire1/017.txt
2015-08-31 00:11:45,690 ERROR DOUBLON num = 16 | inconnu | 1-reconstitues/1958-1959/ordinaire1/011.txt
2015-08-31 00:11:45,693 ERROR DOUBLON num = 16 | inconnu | 1-reconstitues/1958-1959/ordinaire1/012.txt
2015-08-31 00:11:45,696 ERROR DOUBLON num = 18 | inconnu | 1-reconstitues/1958-1959/ordinaire1/012.txt
2015-08-31 00:11:45,699 ERROR DOUBLON num = 18 | inconnu | 1-reconstitues/1958-1959/ordinaire1/013.txt
2015-08-31 00:11:45,702 ERROR DOUBLON num = 20 | inconnu | 1-reconstitues/1958-1959/ordinaire1/013.txt
2015-08-31 00:11:45,704 ERROR DOUBLON num = 20 | inconnu | 1-reconstitues/1958-1959/ordinaire1/013.txt
2015-08-31 00:11:45,707 ERROR DOUBLON num = 33 | inconnu | 1-reconstitues/1958-1959/ordinaire1/039.txt
2015-08-31 00:11:45,710 ERROR DOUBLON num = 33 | inconnu | 1-reconstitues/1958-1959/ordinaire1/039.txt
2015-08-31 00:11:45,713 ERROR DOUBLON num = 34 | inconnu | 1-reconstitues/1958-1959/ordinaire1/041.txt
2015-08-31 00:11:45,715 ERROR DOUBLON num = 34 | inconnu | 1-reconstitues/1958-1959/ordinaire1/041.txt
2015-08-31 00:37:17,265 ERROR --- LISTE DES SCRUTINS AYANT UN NUMERO COMMUN AVEC UN AUTRE --- 
2015-08-31 00:37:17,268 ERROR DOUBLON num = 80 | inconnu | 1-reconstitues/1959-1960/ordinaire2/019.txt
2015-08-31 00:37:17,272 ERROR DOUBLON num = 80 | inconnu | 1-reconstitues/1959-1960/ordinaire1/065.txt
2015-08-31 00:37:17,275 ERROR DOUBLON num = 82 | inconnu | 1-reconstitues/1959-1960/ordinaire2/021.txt
2015-08-31 00:37:17,278 ERROR DOUBLON num = 82 | inconnu | 1-reconstitues/1959-1960/ordinaire2/021.txt
2015-08-31 00:37:17,281 ERROR DOUBLON num = 83 | inconnu | 1-reconstitues/1959-1960/ordinaire2/021.txt
2015-08-31 00:37:17,284 ERROR DOUBLON num = 83 | inconnu | 1-reconstitues/1959-1960/ordinaire2/021.txt
2015-08-31 00:37:17,287 ERROR DOUBLON num = 84 | inconnu | 1-reconstitues/1959-1960/ordinaire2/021.txt
2015-08-31 00:37:17,290 ERROR DOUBLON num = 84 | inconnu | 1-reconstitues/1959-1960/ordinaire1/070.txt
2015-08-31 00:37:17,293 ERROR DOUBLON num = 86 | inconnu | 1-reconstitues/1959-1960/ordinaire2/021.txt
2015-08-31 00:37:17,297 ERROR DOUBLON num = 86 | inconnu | 1-reconstitues/1959-1960/ordinaire2/021.txt
2015-08-31 00:37:17,301 ERROR DOUBLON num = UNKNOW | inconnu | 1-reconstitues/1959-1960/ordinaire2/021.txt
2015-08-31 00:37:17,304 ERROR DOUBLON num = UNKNOW | inconnu | 1-reconstitues/1959-1960/ordinaire2/058.txt
2015-08-31 00:37:17,306 ERROR DOUBLON num = UNKNOW | inconnu | 1-reconstitues/1959-1960/ordinaire2/064.txt
2015-08-31 00:37:17,309 ERROR DOUBLON num = UNKNOW | inconnu | 1-reconstitues/1959-1960/ordinaire1/020.txt
2015-08-31 00:37:17,313 ERROR DOUBLON num = UNKNOW | inconnu | 1-reconstitues/1959-1960/ordinaire1/058.txt
2015-08-31 00:37:17,316 ERROR DOUBLON num = UNKNOW | inconnu | 1-reconstitues/1960-1961/ordinaire1/065.txt
2015-08-31 00:37:17,319 ERROR DOUBLON num = UNKNOW | inconnu | 1-reconstitues/1960-1961/ordinaire1/041.txt
2015-08-31 00:37:17,322 ERROR DOUBLON num = UNKNOW | inconnu | 1-reconstitues/1961-1962/ordinaire2/005.txt
2015-08-31 00:37:17,325 ERROR DOUBLON num = UNKNOW | inconnu | 1-reconstitues/1958-1959/extraordinaire1/004.txt
2015-08-31 00:37:17,328 ERROR DOUBLON num = UNKNOW | inconnu | 1-reconstitues/1958-1959/ordinaire1/017.txt
2015-08-31 00:37:17,331 ERROR DOUBLON num = UNKNOW | inconnu | 1-reconstitues/1958-1959/ordinaire1/039.txt
2015-08-31 00:37:17,334 ERROR DOUBLON num = 1 | inconnu | 1-reconstitues/1959-1960/ordinaire2/049.txt
2015-08-31 00:37:17,338 ERROR DOUBLON num = 1 | inconnu | 1-reconstitues/1959-1960/ordinaire2/067.txt
2015-08-31 00:37:17,341 ERROR DOUBLON num = 1 | inconnu | 1-reconstitues/1958-1959/extraordinaire1/004.txt
2015-08-31 00:37:17,344 ERROR DOUBLON num = 1 | inconnu | 1-reconstitues/1958-1959/ordinaire1/002.txt
2015-08-31 00:37:17,347 ERROR DOUBLON num = 9 | inconnu | 1-reconstitues/1959-1960/ordinaire2/024.txt
2015-08-31 00:37:17,350 ERROR DOUBLON num = 9 | inconnu | 1-reconstitues/1958-1959/ordinaire1/002.txt
2015-08-31 00:37:17,354 ERROR DOUBLON num = 97 | inconnu | 1-reconstitues/1959-1960/ordinaire2/058.txt
2015-08-31 00:37:17,357 ERROR DOUBLON num = 97 | inconnu | 1-reconstitues/1959-1960/ordinaire2/058.txt
2015-08-31 00:37:17,360 ERROR DOUBLON num = 187 | inconnu | 1-reconstitues/1959-1960/ordinaire2/067.txt
2015-08-31 00:37:17,363 ERROR DOUBLON num = 187 | inconnu | 1-reconstitues/1959-1960/ordinaire2/067.txt
2015-08-31 00:37:17,366 ERROR DOUBLON num = 186 | inconnu | 1-reconstitues/1959-1960/ordinaire2/067.txt
2015-08-31 00:37:17,369 ERROR DOUBLON num = 186 | inconnu | 1-reconstitues/1961-1962/ordinaire2/019.txt
2015-08-31 00:37:17,372 ERROR DOUBLON num = 102 | inconnu | 1-reconstitues/1959-1960/ordinaire2/064.txt
2015-08-31 00:37:17,375 ERROR DOUBLON num = 102 | inconnu | 1-reconstitues/1959-1960/ordinaire2/064.txt
2015-08-31 00:37:17,378 ERROR DOUBLON num = 55 | inconnu | 1-reconstitues/1959-1960/ordinaire1/054.txt
2015-08-31 00:37:17,381 ERROR DOUBLON num = 55 | inconnu | 1-reconstitues/1959-1960/ordinaire1/054.txt
2015-08-31 00:37:17,385 ERROR DOUBLON num = 66 | inconnu | 1-reconstitues/1959-1960/ordinaire1/054.txt
2015-08-31 00:37:17,388 ERROR DOUBLON num = 66 | inconnu | 1-reconstitues/1959-1960/ordinaire1/071.txt
2015-08-31 00:37:17,391 ERROR DOUBLON num = 44 | inconnu | 1-reconstitues/1959-1960/ordinaire1/018.txt
2015-08-31 00:37:17,393 ERROR DOUBLON num = 44 | inconnu | 1-reconstitues/1959-1960/ordinaire1/018.txt
2015-08-31 00:37:17,397 ERROR DOUBLON num = 45 | inconnu | 1-reconstitues/1959-1960/ordinaire1/018.txt
2015-08-31 00:37:17,400 ERROR DOUBLON num = 45 | inconnu | 1-reconstitues/1959-1960/ordinaire1/018.txt
2015-08-31 00:37:17,403 ERROR DOUBLON num = 46 | inconnu | 1-reconstitues/1959-1960/ordinaire1/018.txt
2015-08-31 00:37:17,406 ERROR DOUBLON num = 46 | inconnu | 1-reconstitues/1959-1960/ordinaire1/018.txt
2015-08-31 00:37:17,409 ERROR DOUBLON num = 67 | inconnu | 1-reconstitues/1959-1960/ordinaire1/074.txt
2015-08-31 00:37:17,412 ERROR DOUBLON num = 67 | inconnu | 1-reconstitues/1959-1960/ordinaire1/074.txt
2015-08-31 00:37:17,415 ERROR DOUBLON num = 68 | inconnu | 1-reconstitues/1959-1960/ordinaire1/074.txt
2015-08-31 00:37:17,418 ERROR DOUBLON num = 68 | inconnu | 1-reconstitues/1959-1960/ordinaire1/074.txt
2015-08-31 00:37:17,421 ERROR DOUBLON num = 68 | inconnu | 1-reconstitues/1959-1960/ordinaire1/073.txt
2015-08-31 00:37:17,424 ERROR DOUBLON num = 64 | inconnu | 1-reconstitues/1959-1960/ordinaire1/052.txt
2015-08-31 00:37:17,428 ERROR DOUBLON num = 64 | inconnu | 1-reconstitues/1959-1960/ordinaire1/070.txt
2015-08-31 00:37:17,431 ERROR DOUBLON num = 144 | inconnu | 1-reconstitues/1960-1961/droit/042.txt
2015-08-31 00:37:17,434 ERROR DOUBLON num = 144 | inconnu | 1-reconstitues/1960-1961/droit/042.txt
2015-08-31 00:37:17,437 ERROR DOUBLON num = 145 | inconnu | 1-reconstitues/1960-1961/droit/042.txt
2015-08-31 00:37:17,440 ERROR DOUBLON num = 145 | inconnu | 1-reconstitues/1960-1961/droit/042.txt
2015-08-31 00:37:17,443 ERROR DOUBLON num = 146 | inconnu | 1-reconstitues/1960-1961/droit/042.txt
2015-08-31 00:37:17,447 ERROR DOUBLON num = 146 | inconnu | 1-reconstitues/1960-1961/droit/042.txt
2015-08-31 00:37:17,450 ERROR DOUBLON num = 189 | inconnu | 1-reconstitues/1961-1962/ordinaire2/046.txt
2015-08-31 00:37:17,453 ERROR DOUBLON num = 189 | inconnu | 1-reconstitues/1961-1962/ordinaire1/064.txt
2015-08-31 00:37:17,456 ERROR DOUBLON num = 160 | inconnu | 1-reconstitues/1961-1962/ordinaire1/045.txt
2015-08-31 00:37:17,459 ERROR DOUBLON num = 160 | inconnu | 1-reconstitues/1961-1962/ordinaire1/045.txt
2015-08-31 00:37:17,462 ERROR DOUBLON num = 178 | inconnu | 1-reconstitues/1961-1962/ordinaire1/071.txt
2015-08-31 00:37:17,465 ERROR DOUBLON num = 178 | inconnu | 1-reconstitues/1961-1962/ordinaire1/079.txt
2015-08-31 00:37:17,468 ERROR DOUBLON num = 179 | inconnu | 1-reconstitues/1961-1962/ordinaire1/079.txt
2015-08-31 00:37:17,471 ERROR DOUBLON num = 179 | inconnu | 1-reconstitues/1961-1962/ordinaire1/079.txt
2015-08-31 00:37:17,474 ERROR DOUBLON num = 179 | inconnu | 1-reconstitues/1961-1962/ordinaire1/079.txt
2015-08-31 00:37:17,477 ERROR DOUBLON num = 180 | inconnu | 1-reconstitues/1961-1962/ordinaire1/079.txt
2015-08-31 00:37:17,480 ERROR DOUBLON num = 180 | inconnu | 1-reconstitues/1961-1962/ordinaire1/079.txt
2015-08-31 00:37:17,484 ERROR DOUBLON num = 181 | inconnu | 1-reconstitues/1961-1962/ordinaire1/079.txt
2015-08-31 00:37:17,487 ERROR DOUBLON num = 181 | inconnu | 1-reconstitues/1961-1962/ordinaire1/079.txt
2015-08-31 00:37:17,490 ERROR DOUBLON num = 170 | inconnu | 1-reconstitues/1961-1962/ordinaire1/064.txt
2015-08-31 00:37:17,493 ERROR DOUBLON num = 170 | inconnu | 1-reconstitues/1961-1962/ordinaire1/064.txt
2015-08-31 00:37:17,496 ERROR DOUBLON num = 24 | inconnu | 1-reconstitues/1958-1959/ordinaire1/017.txt
2015-08-31 00:37:17,499 ERROR DOUBLON num = 24 | inconnu | 1-reconstitues/1958-1959/ordinaire1/017.txt
2015-08-31 00:37:17,502 ERROR DOUBLON num = 26 | inconnu | 1-reconstitues/1958-1959/ordinaire1/017.txt
2015-08-31 00:37:17,505 ERROR DOUBLON num = 26 | inconnu | 1-reconstitues/1958-1959/ordinaire1/017.txt
2015-08-31 00:37:17,509 ERROR DOUBLON num = 27 | inconnu | 1-reconstitues/1958-1959/ordinaire1/017.txt
2015-08-31 00:37:17,512 ERROR DOUBLON num = 27 | inconnu | 1-reconstitues/1958-1959/ordinaire1/017.txt
2015-08-31 00:37:17,515 ERROR DOUBLON num = 16 | inconnu | 1-reconstitues/1958-1959/ordinaire1/011.txt
2015-08-31 00:37:17,518 ERROR DOUBLON num = 16 | inconnu | 1-reconstitues/1958-1959/ordinaire1/012.txt
2015-08-31 00:37:17,521 ERROR DOUBLON num = 18 | inconnu | 1-reconstitues/1958-1959/ordinaire1/012.txt
2015-08-31 00:37:17,524 ERROR DOUBLON num = 18 | inconnu | 1-reconstitues/1958-1959/ordinaire1/013.txt
2015-08-31 00:37:17,527 ERROR DOUBLON num = 20 | inconnu | 1-reconstitues/1958-1959/ordinaire1/013.txt
2015-08-31 00:37:17,531 ERROR DOUBLON num = 20 | inconnu | 1-reconstitues/1958-1959/ordinaire1/013.txt
2015-08-31 00:37:17,534 ERROR DOUBLON num = 33 | inconnu | 1-reconstitues/1958-1959/ordinaire1/039.txt
2015-08-31 00:37:17,537 ERROR DOUBLON num = 33 | inconnu | 1-reconstitues/1958-1959/ordinaire1/039.txt
2015-08-31 00:37:17,540 ERROR DOUBLON num = 34 | inconnu | 1-reconstitues/1958-1959/ordinaire1/041.txt
2015-08-31 00:37:17,543 ERROR DOUBLON num = 34 | inconnu | 1-reconstitues/1958-1959/ordinaire1/041.txt
